{"/Users/binodlamichhane/Documents/developer/HisabKitab Web/hisab_kitab_api/controllers/authController.js": {"path":"/Users/binodlamichhane/Documents/developer/HisabKitab Web/hisab_kitab_api/controllers/authController.js","statementMap":{"0":{"start":{"line":1,"column":13},"end":{"line":1,"column":38}},"1":{"start":{"line":2,"column":15},"end":{"line":2,"column":32}},"2":{"start":{"line":3,"column":12},"end":{"line":3,"column":35}},"3":{"start":{"line":4,"column":13},"end":{"line":4,"column":28}},"4":{"start":{"line":5,"column":11},"end":{"line":5,"column":24}},"5":{"start":{"line":6,"column":13},"end":{"line":6,"column":38}},"6":{"start":{"line":8,"column":28},"end":{"line":37,"column":1}},"7":{"start":{"line":9,"column":16},"end":{"line":11,"column":4}},"8":{"start":{"line":12,"column":18},"end":{"line":15,"column":5}},"9":{"start":{"line":17,"column":2},"end":{"line":19,"column":3}},"10":{"start":{"line":18,"column":4},"end":{"line":18,"column":25}},"11":{"start":{"line":21,"column":23},"end":{"line":21,"column":45}},"12":{"start":{"line":22,"column":2},"end":{"line":22,"column":31}},"13":{"start":{"line":24,"column":2},"end":{"line":35,"column":6}},"14":{"start":{"line":44,"column":0},"end":{"line":83,"column":2}},"15":{"start":{"line":45,"column":51},"end":{"line":45,"column":59}},"16":{"start":{"line":46,"column":2},"end":{"line":82,"column":3}},"17":{"start":{"line":47,"column":25},"end":{"line":47,"column":54}},"18":{"start":{"line":48,"column":4},"end":{"line":53,"column":5}},"19":{"start":{"line":49,"column":6},"end":{"line":52,"column":9}},"20":{"start":{"line":55,"column":26},"end":{"line":55,"column":55}},"21":{"start":{"line":56,"column":4},"end":{"line":61,"column":5}},"22":{"start":{"line":57,"column":6},"end":{"line":60,"column":9}},"23":{"start":{"line":63,"column":27},"end":{"line":63,"column":58}},"24":{"start":{"line":64,"column":20},"end":{"line":70,"column":6}},"25":{"start":{"line":71,"column":4},"end":{"line":71,"column":25}},"26":{"start":{"line":73,"column":4},"end":{"line":76,"column":7}},"27":{"start":{"line":78,"column":4},"end":{"line":81,"column":7}},"28":{"start":{"line":90,"column":0},"end":{"line":147,"column":2}},"29":{"start":{"line":91,"column":30},"end":{"line":91,"column":38}},"30":{"start":{"line":92,"column":2},"end":{"line":146,"column":3}},"31":{"start":{"line":93,"column":20},"end":{"line":98,"column":9}},"32":{"start":{"line":99,"column":4},"end":{"line":104,"column":5}},"33":{"start":{"line":100,"column":6},"end":{"line":103,"column":9}},"34":{"start":{"line":106,"column":4},"end":{"line":111,"column":5}},"35":{"start":{"line":107,"column":6},"end":{"line":110,"column":8}},"36":{"start":{"line":113,"column":26},"end":{"line":113,"column":74}},"37":{"start":{"line":114,"column":4},"end":{"line":119,"column":5}},"38":{"start":{"line":115,"column":6},"end":{"line":118,"column":9}},"39":{"start":{"line":121,"column":4},"end":{"line":121,"column":35}},"40":{"start":{"line":122,"column":4},"end":{"line":122,"column":50}},"41":{"start":{"line":124,"column":4},"end":{"line":126,"column":5}},"42":{"start":{"line":125,"column":6},"end":{"line":125,"column":50}},"43":{"start":{"line":128,"column":21},"end":{"line":128,"column":25}},"44":{"start":{"line":129,"column":4},"end":{"line":136,"column":5}},"45":{"start":{"line":130,"column":23},"end":{"line":130,"column":80}},"46":{"start":{"line":130,"column":47},"end":{"line":130,"column":79}},"47":{"start":{"line":131,"column":6},"end":{"line":135,"column":7}},"48":{"start":{"line":132,"column":8},"end":{"line":132,"column":30}},"49":{"start":{"line":134,"column":8},"end":{"line":134,"column":38}},"50":{"start":{"line":138,"column":4},"end":{"line":138,"column":51}},"51":{"start":{"line":142,"column":4},"end":{"line":145,"column":7}},"52":{"start":{"line":154,"column":0},"end":{"line":187,"column":2}},"53":{"start":{"line":156,"column":2},"end":{"line":186,"column":3}},"54":{"start":{"line":157,"column":28},"end":{"line":170,"column":8}},"55":{"start":{"line":172,"column":4},"end":{"line":174,"column":5}},"56":{"start":{"line":173,"column":8},"end":{"line":173,"column":84}},"57":{"start":{"line":176,"column":4},"end":{"line":180,"column":7}},"58":{"start":{"line":182,"column":5},"end":{"line":185,"column":7}},"59":{"start":{"line":194,"column":0},"end":{"line":217,"column":2}},"60":{"start":{"line":195,"column":17},"end":{"line":195,"column":29}},"61":{"start":{"line":196,"column":27},"end":{"line":196,"column":35}},"62":{"start":{"line":198,"column":2},"end":{"line":216,"column":3}},"63":{"start":{"line":199,"column":24},"end":{"line":203,"column":25}},"64":{"start":{"line":205,"column":4},"end":{"line":209,"column":7}},"65":{"start":{"line":211,"column":4},"end":{"line":211,"column":23}},"66":{"start":{"line":212,"column":4},"end":{"line":215,"column":7}},"67":{"start":{"line":224,"column":0},"end":{"line":253,"column":2}},"68":{"start":{"line":225,"column":17},"end":{"line":225,"column":29}},"69":{"start":{"line":226,"column":39},"end":{"line":226,"column":47}},"70":{"start":{"line":228,"column":2},"end":{"line":252,"column":3}},"71":{"start":{"line":229,"column":17},"end":{"line":229,"column":44}},"72":{"start":{"line":230,"column":20},"end":{"line":230,"column":68}},"73":{"start":{"line":232,"column":4},"end":{"line":237,"column":5}},"74":{"start":{"line":233,"column":6},"end":{"line":236,"column":9}},"75":{"start":{"line":239,"column":30},"end":{"line":239,"column":64}},"76":{"start":{"line":240,"column":4},"end":{"line":240,"column":38}},"77":{"start":{"line":241,"column":4},"end":{"line":241,"column":22}},"78":{"start":{"line":243,"column":4},"end":{"line":246,"column":7}},"79":{"start":{"line":248,"column":4},"end":{"line":251,"column":7}},"80":{"start":{"line":260,"column":0},"end":{"line":275,"column":2}},"81":{"start":{"line":261,"column":17},"end":{"line":261,"column":29}},"82":{"start":{"line":263,"column":2},"end":{"line":274,"column":3}},"83":{"start":{"line":264,"column":4},"end":{"line":264,"column":41}},"84":{"start":{"line":265,"column":4},"end":{"line":268,"column":7}},"85":{"start":{"line":270,"column":4},"end":{"line":273,"column":7}},"86":{"start":{"line":277,"column":0},"end":{"line":283,"column":2}},"87":{"start":{"line":278,"column":4},"end":{"line":281,"column":7}},"88":{"start":{"line":282,"column":4},"end":{"line":282,"column":68}},"89":{"start":{"line":285,"column":0},"end":{"line":313,"column":2}},"90":{"start":{"line":286,"column":17},"end":{"line":286,"column":29}},"91":{"start":{"line":288,"column":2},"end":{"line":312,"column":3}},"92":{"start":{"line":289,"column":4},"end":{"line":294,"column":5}},"93":{"start":{"line":290,"column":6},"end":{"line":293,"column":8}},"94":{"start":{"line":295,"column":25},"end":{"line":295,"column":63}},"95":{"start":{"line":296,"column":24},"end":{"line":300,"column":25}},"96":{"start":{"line":302,"column":4},"end":{"line":306,"column":7}},"97":{"start":{"line":308,"column":4},"end":{"line":311,"column":7}},"98":{"start":{"line":315,"column":0},"end":{"line":327,"column":2}},"99":{"start":{"line":316,"column":19},"end":{"line":316,"column":38}},"100":{"start":{"line":317,"column":20},"end":{"line":317,"column":67}},"101":{"start":{"line":319,"column":2},"end":{"line":324,"column":3}},"102":{"start":{"line":320,"column":4},"end":{"line":323,"column":7}},"103":{"start":{"line":326,"column":2},"end":{"line":326,"column":33}},"104":{"start":{"line":330,"column":0},"end":{"line":366,"column":2}},"105":{"start":{"line":332,"column":21},"end":{"line":332,"column":29}},"106":{"start":{"line":333,"column":17},"end":{"line":333,"column":29}},"107":{"start":{"line":335,"column":2},"end":{"line":365,"column":3}},"108":{"start":{"line":336,"column":17},"end":{"line":336,"column":44}},"109":{"start":{"line":338,"column":24},"end":{"line":338,"column":62}},"110":{"start":{"line":338,"column":45},"end":{"line":338,"column":61}},"111":{"start":{"line":340,"column":4},"end":{"line":345,"column":5}},"112":{"start":{"line":341,"column":6},"end":{"line":344,"column":9}},"113":{"start":{"line":347,"column":4},"end":{"line":347,"column":29}},"114":{"start":{"line":348,"column":4},"end":{"line":348,"column":49}},"115":{"start":{"line":350,"column":17},"end":{"line":350,"column":44}},"116":{"start":{"line":352,"column":4},"end":{"line":358,"column":7}},"117":{"start":{"line":361,"column":4},"end":{"line":364,"column":7}}},"fnMap":{"0":{"name":"(anonymous_0)","decl":{"start":{"line":8,"column":28},"end":{"line":8,"column":29}},"loc":{"start":{"line":8,"column":67},"end":{"line":37,"column":1}},"line":8},"1":{"name":"(anonymous_1)","decl":{"start":{"line":44,"column":23},"end":{"line":44,"column":24}},"loc":{"start":{"line":44,"column":43},"end":{"line":83,"column":1}},"line":44},"2":{"name":"(anonymous_2)","decl":{"start":{"line":90,"column":20},"end":{"line":90,"column":21}},"loc":{"start":{"line":90,"column":40},"end":{"line":147,"column":1}},"line":90},"3":{"name":"(anonymous_3)","decl":{"start":{"line":130,"column":42},"end":{"line":130,"column":43}},"loc":{"start":{"line":130,"column":47},"end":{"line":130,"column":79}},"line":130},"4":{"name":"(anonymous_4)","decl":{"start":{"line":154,"column":21},"end":{"line":154,"column":22}},"loc":{"start":{"line":154,"column":41},"end":{"line":187,"column":1}},"line":154},"5":{"name":"(anonymous_5)","decl":{"start":{"line":194,"column":24},"end":{"line":194,"column":25}},"loc":{"start":{"line":194,"column":44},"end":{"line":217,"column":1}},"line":194},"6":{"name":"(anonymous_6)","decl":{"start":{"line":224,"column":25},"end":{"line":224,"column":26}},"loc":{"start":{"line":224,"column":45},"end":{"line":253,"column":1}},"line":224},"7":{"name":"(anonymous_7)","decl":{"start":{"line":260,"column":24},"end":{"line":260,"column":25}},"loc":{"start":{"line":260,"column":44},"end":{"line":275,"column":1}},"line":260},"8":{"name":"(anonymous_8)","decl":{"start":{"line":277,"column":17},"end":{"line":277,"column":18}},"loc":{"start":{"line":277,"column":37},"end":{"line":283,"column":1}},"line":277},"9":{"name":"(anonymous_9)","decl":{"start":{"line":285,"column":29},"end":{"line":285,"column":30}},"loc":{"start":{"line":285,"column":49},"end":{"line":313,"column":1}},"line":285},"10":{"name":"(anonymous_10)","decl":{"start":{"line":315,"column":27},"end":{"line":315,"column":28}},"loc":{"start":{"line":315,"column":41},"end":{"line":327,"column":1}},"line":315},"11":{"name":"(anonymous_11)","decl":{"start":{"line":330,"column":21},"end":{"line":330,"column":22}},"loc":{"start":{"line":330,"column":41},"end":{"line":366,"column":1}},"line":330},"12":{"name":"(anonymous_12)","decl":{"start":{"line":338,"column":40},"end":{"line":338,"column":41}},"loc":{"start":{"line":338,"column":45},"end":{"line":338,"column":61}},"line":338}},"branchMap":{"0":{"loc":{"start":{"line":17,"column":2},"end":{"line":19,"column":3}},"type":"if","locations":[{"start":{"line":17,"column":2},"end":{"line":19,"column":3}},{"start":{},"end":{}}],"line":17},"1":{"loc":{"start":{"line":32,"column":24},"end":{"line":32,"column":60}},"type":"cond-expr","locations":[{"start":{"line":32,"column":38},"end":{"line":32,"column":53}},{"start":{"line":32,"column":56},"end":{"line":32,"column":60}}],"line":32},"2":{"loc":{"start":{"line":48,"column":4},"end":{"line":53,"column":5}},"type":"if","locations":[{"start":{"line":48,"column":4},"end":{"line":53,"column":5}},{"start":{},"end":{}}],"line":48},"3":{"loc":{"start":{"line":56,"column":4},"end":{"line":61,"column":5}},"type":"if","locations":[{"start":{"line":56,"column":4},"end":{"line":61,"column":5}},{"start":{},"end":{}}],"line":56},"4":{"loc":{"start":{"line":99,"column":4},"end":{"line":104,"column":5}},"type":"if","locations":[{"start":{"line":99,"column":4},"end":{"line":104,"column":5}},{"start":{},"end":{}}],"line":99},"5":{"loc":{"start":{"line":106,"column":4},"end":{"line":111,"column":5}},"type":"if","locations":[{"start":{"line":106,"column":4},"end":{"line":111,"column":5}},{"start":{},"end":{}}],"line":106},"6":{"loc":{"start":{"line":114,"column":4},"end":{"line":119,"column":5}},"type":"if","locations":[{"start":{"line":114,"column":4},"end":{"line":119,"column":5}},{"start":{},"end":{}}],"line":114},"7":{"loc":{"start":{"line":124,"column":4},"end":{"line":126,"column":5}},"type":"if","locations":[{"start":{"line":124,"column":4},"end":{"line":126,"column":5}},{"start":{},"end":{}}],"line":124},"8":{"loc":{"start":{"line":129,"column":4},"end":{"line":136,"column":5}},"type":"if","locations":[{"start":{"line":129,"column":4},"end":{"line":136,"column":5}},{"start":{},"end":{}}],"line":129},"9":{"loc":{"start":{"line":129,"column":8},"end":{"line":129,"column":49}},"type":"binary-expr","locations":[{"start":{"line":129,"column":8},"end":{"line":129,"column":21}},{"start":{"line":129,"column":25},"end":{"line":129,"column":49}}],"line":129},"10":{"loc":{"start":{"line":131,"column":6},"end":{"line":135,"column":7}},"type":"if","locations":[{"start":{"line":131,"column":6},"end":{"line":135,"column":7}},{"start":{"line":133,"column":13},"end":{"line":135,"column":7}}],"line":131},"11":{"loc":{"start":{"line":172,"column":4},"end":{"line":174,"column":5}},"type":"if","locations":[{"start":{"line":172,"column":4},"end":{"line":174,"column":5}},{"start":{},"end":{}}],"line":172},"12":{"loc":{"start":{"line":232,"column":4},"end":{"line":237,"column":5}},"type":"if","locations":[{"start":{"line":232,"column":4},"end":{"line":237,"column":5}},{"start":{},"end":{}}],"line":232},"13":{"loc":{"start":{"line":289,"column":4},"end":{"line":294,"column":5}},"type":"if","locations":[{"start":{"line":289,"column":4},"end":{"line":294,"column":5}},{"start":{},"end":{}}],"line":289},"14":{"loc":{"start":{"line":319,"column":2},"end":{"line":324,"column":3}},"type":"if","locations":[{"start":{"line":319,"column":2},"end":{"line":324,"column":3}},{"start":{},"end":{}}],"line":319},"15":{"loc":{"start":{"line":340,"column":4},"end":{"line":345,"column":5}},"type":"if","locations":[{"start":{"line":340,"column":4},"end":{"line":345,"column":5}},{"start":{},"end":{}}],"line":340}},"s":{"0":9,"1":9,"2":9,"3":9,"4":9,"5":9,"6":9,"7":60,"8":60,"9":60,"10":0,"11":60,"12":60,"13":60,"14":9,"15":57,"16":57,"17":57,"18":57,"19":1,"20":56,"21":56,"22":0,"23":56,"24":56,"25":56,"26":56,"27":0,"28":9,"29":55,"30":55,"31":55,"32":55,"33":1,"34":54,"35":1,"36":53,"37":53,"38":1,"39":52,"40":52,"41":52,"42":8,"43":52,"44":52,"45":0,"46":0,"47":0,"48":0,"49":0,"50":52,"51":8,"52":9,"53":1,"54":1,"55":1,"56":0,"57":1,"58":0,"59":9,"60":1,"61":1,"62":1,"63":1,"64":1,"65":0,"66":0,"67":9,"68":2,"69":2,"70":2,"71":2,"72":2,"73":2,"74":1,"75":1,"76":1,"77":1,"78":1,"79":0,"80":9,"81":1,"82":1,"83":1,"84":1,"85":0,"86":9,"87":0,"88":0,"89":9,"90":0,"91":0,"92":0,"93":0,"94":0,"95":0,"96":0,"97":0,"98":9,"99":0,"100":0,"101":0,"102":0,"103":0,"104":9,"105":0,"106":0,"107":0,"108":0,"109":0,"110":0,"111":0,"112":0,"113":0,"114":0,"115":0,"116":0,"117":0},"f":{"0":60,"1":57,"2":55,"3":0,"4":1,"5":1,"6":2,"7":1,"8":0,"9":0,"10":0,"11":0,"12":0},"b":{"0":[0,60],"1":[0,52],"2":[1,56],"3":[0,56],"4":[1,54],"5":[1,53],"6":[1,52],"7":[8,44],"8":[0,52],"9":[52,52],"10":[0,0],"11":[0,1],"12":[1,1],"13":[0,0],"14":[0,0],"15":[0,0]},"_coverageSchema":"1a1c01bbd47fc00a2c39e90264f33305004495a9","hash":"83df5a9154ea0a7577c176a3df631a610de05cfc"}
,"/Users/binodlamichhane/Documents/developer/HisabKitab Web/hisab_kitab_api/controllers/botController.js": {"path":"/Users/binodlamichhane/Documents/developer/HisabKitab Web/hisab_kitab_api/controllers/botController.js","statementMap":{"0":{"start":{"line":1,"column":31},"end":{"line":1,"column":63}},"1":{"start":{"line":2,"column":21},"end":{"line":2,"column":59}},"2":{"start":{"line":3,"column":13},"end":{"line":3,"column":38}},"3":{"start":{"line":4,"column":13},"end":{"line":4,"column":38}},"4":{"start":{"line":5,"column":39},"end":{"line":5,"column":81}},"5":{"start":{"line":7,"column":17},"end":{"line":9,"column":2}},"6":{"start":{"line":11,"column":14},"end":{"line":11,"column":71}},"7":{"start":{"line":12,"column":14},"end":{"line":12,"column":53}},"8":{"start":{"line":13,"column":23},"end":{"line":13,"column":80}},"9":{"start":{"line":14,"column":24},"end":{"line":14,"column":86}},"10":{"start":{"line":16,"column":0},"end":{"line":80,"column":2}},"11":{"start":{"line":17,"column":48},"end":{"line":17,"column":56}},"12":{"start":{"line":18,"column":19},"end":{"line":18,"column":31}},"13":{"start":{"line":20,"column":4},"end":{"line":20,"column":79}},"14":{"start":{"line":20,"column":16},"end":{"line":20,"column":79}},"15":{"start":{"line":22,"column":4},"end":{"line":79,"column":5}},"16":{"start":{"line":23,"column":21},"end":{"line":23,"column":117}},"17":{"start":{"line":25,"column":25},"end":{"line":25,"column":47}},"18":{"start":{"line":26,"column":8},"end":{"line":31,"column":9}},"19":{"start":{"line":27,"column":12},"end":{"line":30,"column":15}},"20":{"start":{"line":32,"column":8},"end":{"line":34,"column":9}},"21":{"start":{"line":33,"column":12},"end":{"line":33,"column":92}},"22":{"start":{"line":36,"column":51},"end":{"line":39,"column":10}},"23":{"start":{"line":41,"column":30},"end":{"line":41,"column":124}},"24":{"start":{"line":42,"column":37},"end":{"line":42,"column":112}},"25":{"start":{"line":42,"column":72},"end":{"line":42,"column":91}},"26":{"start":{"line":44,"column":34},"end":{"line":52,"column":73}},"27":{"start":{"line":55,"column":23},"end":{"line":69,"column":17}},"28":{"start":{"line":66,"column":39},"end":{"line":66,"column":70}},"29":{"start":{"line":71,"column":23},"end":{"line":71,"column":88}},"30":{"start":{"line":72,"column":29},"end":{"line":72,"column":51}},"31":{"start":{"line":74,"column":8},"end":{"line":74,"column":54}},"32":{"start":{"line":77,"column":8},"end":{"line":77,"column":58}},"33":{"start":{"line":78,"column":8},"end":{"line":78,"column":82}}},"fnMap":{"0":{"name":"(anonymous_0)","decl":{"start":{"line":16,"column":25},"end":{"line":16,"column":26}},"loc":{"start":{"line":16,"column":45},"end":{"line":80,"column":1}},"line":16},"1":{"name":"(anonymous_1)","decl":{"start":{"line":42,"column":63},"end":{"line":42,"column":64}},"loc":{"start":{"line":42,"column":72},"end":{"line":42,"column":91}},"line":42},"2":{"name":"(anonymous_2)","decl":{"start":{"line":66,"column":34},"end":{"line":66,"column":35}},"loc":{"start":{"line":66,"column":39},"end":{"line":66,"column":70}},"line":66}},"branchMap":{"0":{"loc":{"start":{"line":17,"column":19},"end":{"line":17,"column":43}},"type":"default-arg","locations":[{"start":{"line":17,"column":41},"end":{"line":17,"column":43}}],"line":17},"1":{"loc":{"start":{"line":20,"column":4},"end":{"line":20,"column":79}},"type":"if","locations":[{"start":{"line":20,"column":4},"end":{"line":20,"column":79}},{"start":{},"end":{}}],"line":20},"2":{"loc":{"start":{"line":26,"column":8},"end":{"line":31,"column":9}},"type":"if","locations":[{"start":{"line":26,"column":8},"end":{"line":31,"column":9}},{"start":{},"end":{}}],"line":26},"3":{"loc":{"start":{"line":32,"column":8},"end":{"line":34,"column":9}},"type":"if","locations":[{"start":{"line":32,"column":8},"end":{"line":34,"column":9}},{"start":{},"end":{}}],"line":32},"4":{"loc":{"start":{"line":32,"column":12},"end":{"line":32,"column":37}},"type":"binary-expr","locations":[{"start":{"line":32,"column":12},"end":{"line":32,"column":17}},{"start":{"line":32,"column":21},"end":{"line":32,"column":37}}],"line":32}},"s":{"0":9,"1":9,"2":9,"3":9,"4":9,"5":9,"6":9,"7":9,"8":9,"9":9,"10":9,"11":0,"12":0,"13":0,"14":0,"15":0,"16":0,"17":0,"18":0,"19":0,"20":0,"21":0,"22":0,"23":0,"24":0,"25":0,"26":0,"27":0,"28":0,"29":0,"30":0,"31":0,"32":0,"33":0},"f":{"0":0,"1":0,"2":0},"b":{"0":[0],"1":[0,0],"2":[0,0],"3":[0,0],"4":[0,0]},"_coverageSchema":"1a1c01bbd47fc00a2c39e90264f33305004495a9","hash":"d0eeb8dcb877684f3e50f8754f65c7cb8e817d29"}
,"/Users/binodlamichhane/Documents/developer/HisabKitab Web/hisab_kitab_api/controllers/cashController.js": {"path":"/Users/binodlamichhane/Documents/developer/HisabKitab Web/hisab_kitab_api/controllers/cashController.js","statementMap":{"0":{"start":{"line":1,"column":17},"end":{"line":1,"column":36}},"1":{"start":{"line":2,"column":17},"end":{"line":2,"column":46}},"2":{"start":{"line":3,"column":17},"end":{"line":3,"column":46}},"3":{"start":{"line":4,"column":13},"end":{"line":4,"column":38}},"4":{"start":{"line":5,"column":17},"end":{"line":5,"column":46}},"5":{"start":{"line":6,"column":20},"end":{"line":6,"column":52}},"6":{"start":{"line":7,"column":28},"end":{"line":7,"column":63}},"7":{"start":{"line":9,"column":0},"end":{"line":84,"column":2}},"8":{"start":{"line":10,"column":82},"end":{"line":10,"column":90}},"9":{"start":{"line":11,"column":19},"end":{"line":11,"column":31}},"10":{"start":{"line":13,"column":4},"end":{"line":15,"column":5}},"11":{"start":{"line":14,"column":8},"end":{"line":14,"column":119}},"12":{"start":{"line":17,"column":20},"end":{"line":17,"column":49}},"13":{"start":{"line":18,"column":4},"end":{"line":18,"column":31}},"14":{"start":{"line":20,"column":4},"end":{"line":83,"column":5}},"15":{"start":{"line":21,"column":26},"end":{"line":21,"column":63}},"16":{"start":{"line":22,"column":8},"end":{"line":22,"column":42}},"17":{"start":{"line":22,"column":19},"end":{"line":22,"column":42}},"18":{"start":{"line":24,"column":25},"end":{"line":24,"column":77}},"19":{"start":{"line":25,"column":8},"end":{"line":27,"column":9}},"20":{"start":{"line":26,"column":12},"end":{"line":26,"column":63}},"21":{"start":{"line":28,"column":8},"end":{"line":30,"column":9}},"22":{"start":{"line":29,"column":13},"end":{"line":29,"column":126}},"23":{"start":{"line":32,"column":28},"end":{"line":36,"column":49}},"24":{"start":{"line":38,"column":37},"end":{"line":38,"column":43}},"25":{"start":{"line":40,"column":8},"end":{"line":47,"column":9}},"26":{"start":{"line":41,"column":12},"end":{"line":41,"column":51}},"27":{"start":{"line":41,"column":45},"end":{"line":41,"column":51}},"28":{"start":{"line":42,"column":34},"end":{"line":42,"column":48}},"29":{"start":{"line":43,"column":39},"end":{"line":43,"column":86}},"30":{"start":{"line":44,"column":12},"end":{"line":44,"column":50}},"31":{"start":{"line":45,"column":12},"end":{"line":45,"column":41}},"32":{"start":{"line":46,"column":12},"end":{"line":46,"column":57}},"33":{"start":{"line":49,"column":8},"end":{"line":49,"column":42}},"34":{"start":{"line":50,"column":8},"end":{"line":50,"column":36}},"35":{"start":{"line":51,"column":8},"end":{"line":51,"column":41}},"36":{"start":{"line":54,"column":32},"end":{"line":63,"column":9}},"37":{"start":{"line":65,"column":8},"end":{"line":67,"column":9}},"38":{"start":{"line":66,"column":12},"end":{"line":66,"column":72}},"39":{"start":{"line":70,"column":8},"end":{"line":70,"column":65}},"40":{"start":{"line":72,"column":8},"end":{"line":72,"column":42}},"41":{"start":{"line":73,"column":8},"end":{"line":76,"column":11}},"42":{"start":{"line":79,"column":8},"end":{"line":79,"column":41}},"43":{"start":{"line":80,"column":8},"end":{"line":80,"column":73}},"44":{"start":{"line":82,"column":8},"end":{"line":82,"column":29}},"45":{"start":{"line":86,"column":0},"end":{"line":159,"column":2}},"46":{"start":{"line":87,"column":82},"end":{"line":87,"column":90}},"47":{"start":{"line":88,"column":19},"end":{"line":88,"column":31}},"48":{"start":{"line":90,"column":4},"end":{"line":92,"column":5}},"49":{"start":{"line":91,"column":8},"end":{"line":91,"column":119}},"50":{"start":{"line":94,"column":20},"end":{"line":94,"column":49}},"51":{"start":{"line":95,"column":4},"end":{"line":95,"column":31}},"52":{"start":{"line":97,"column":4},"end":{"line":158,"column":5}},"53":{"start":{"line":98,"column":26},"end":{"line":98,"column":63}},"54":{"start":{"line":99,"column":8},"end":{"line":99,"column":42}},"55":{"start":{"line":99,"column":19},"end":{"line":99,"column":42}},"56":{"start":{"line":101,"column":25},"end":{"line":101,"column":77}},"57":{"start":{"line":102,"column":8},"end":{"line":104,"column":9}},"58":{"start":{"line":103,"column":12},"end":{"line":103,"column":63}},"59":{"start":{"line":105,"column":8},"end":{"line":107,"column":9}},"60":{"start":{"line":106,"column":13},"end":{"line":106,"column":131}},"61":{"start":{"line":109,"column":32},"end":{"line":113,"column":53}},"62":{"start":{"line":115,"column":37},"end":{"line":115,"column":43}},"63":{"start":{"line":117,"column":8},"end":{"line":124,"column":9}},"64":{"start":{"line":118,"column":12},"end":{"line":118,"column":51}},"65":{"start":{"line":118,"column":45},"end":{"line":118,"column":51}},"66":{"start":{"line":119,"column":38},"end":{"line":119,"column":56}},"67":{"start":{"line":120,"column":43},"end":{"line":120,"column":94}},"68":{"start":{"line":121,"column":12},"end":{"line":121,"column":58}},"69":{"start":{"line":122,"column":12},"end":{"line":122,"column":45}},"70":{"start":{"line":123,"column":12},"end":{"line":123,"column":61}},"71":{"start":{"line":126,"column":8},"end":{"line":126,"column":42}},"72":{"start":{"line":127,"column":8},"end":{"line":127,"column":41}},"73":{"start":{"line":128,"column":8},"end":{"line":128,"column":41}},"74":{"start":{"line":130,"column":32},"end":{"line":139,"column":9}},"75":{"start":{"line":141,"column":8},"end":{"line":143,"column":9}},"76":{"start":{"line":142,"column":12},"end":{"line":142,"column":72}},"77":{"start":{"line":145,"column":8},"end":{"line":145,"column":65}},"78":{"start":{"line":147,"column":8},"end":{"line":147,"column":42}},"79":{"start":{"line":148,"column":8},"end":{"line":151,"column":11}},"80":{"start":{"line":154,"column":8},"end":{"line":154,"column":41}},"81":{"start":{"line":155,"column":8},"end":{"line":155,"column":73}},"82":{"start":{"line":157,"column":8},"end":{"line":157,"column":29}}},"fnMap":{"0":{"name":"(anonymous_0)","decl":{"start":{"line":9,"column":23},"end":{"line":9,"column":24}},"loc":{"start":{"line":9,"column":43},"end":{"line":84,"column":1}},"line":9},"1":{"name":"(anonymous_1)","decl":{"start":{"line":86,"column":24},"end":{"line":86,"column":25}},"loc":{"start":{"line":86,"column":44},"end":{"line":159,"column":1}},"line":86}},"branchMap":{"0":{"loc":{"start":{"line":13,"column":4},"end":{"line":15,"column":5}},"type":"if","locations":[{"start":{"line":13,"column":4},"end":{"line":15,"column":5}},{"start":{},"end":{}}],"line":13},"1":{"loc":{"start":{"line":13,"column":8},"end":{"line":13,"column":45}},"type":"binary-expr","locations":[{"start":{"line":13,"column":8},"end":{"line":13,"column":19}},{"start":{"line":13,"column":23},"end":{"line":13,"column":30}},{"start":{"line":13,"column":34},"end":{"line":13,"column":45}}],"line":13},"2":{"loc":{"start":{"line":22,"column":8},"end":{"line":22,"column":42}},"type":"if","locations":[{"start":{"line":22,"column":8},"end":{"line":22,"column":42}},{"start":{},"end":{}}],"line":22},"3":{"loc":{"start":{"line":25,"column":8},"end":{"line":27,"column":9}},"type":"if","locations":[{"start":{"line":25,"column":8},"end":{"line":27,"column":9}},{"start":{},"end":{}}],"line":25},"4":{"loc":{"start":{"line":25,"column":12},"end":{"line":25,"column":60}},"type":"binary-expr","locations":[{"start":{"line":25,"column":12},"end":{"line":25,"column":21}},{"start":{"line":25,"column":25},"end":{"line":25,"column":60}}],"line":25},"5":{"loc":{"start":{"line":28,"column":8},"end":{"line":30,"column":9}},"type":"if","locations":[{"start":{"line":28,"column":8},"end":{"line":30,"column":9}},{"start":{},"end":{}}],"line":28},"6":{"loc":{"start":{"line":41,"column":12},"end":{"line":41,"column":51}},"type":"if","locations":[{"start":{"line":41,"column":12},"end":{"line":41,"column":51}},{"start":{},"end":{}}],"line":41},"7":{"loc":{"start":{"line":60,"column":25},"end":{"line":60,"column":80}},"type":"binary-expr","locations":[{"start":{"line":60,"column":25},"end":{"line":60,"column":30}},{"start":{"line":60,"column":34},"end":{"line":60,"column":80}}],"line":60},"8":{"loc":{"start":{"line":65,"column":8},"end":{"line":67,"column":9}},"type":"if","locations":[{"start":{"line":65,"column":8},"end":{"line":67,"column":9}},{"start":{},"end":{}}],"line":65},"9":{"loc":{"start":{"line":65,"column":12},"end":{"line":65,"column":64}},"type":"binary-expr","locations":[{"start":{"line":65,"column":12},"end":{"line":65,"column":27}},{"start":{"line":65,"column":31},"end":{"line":65,"column":64}}],"line":65},"10":{"loc":{"start":{"line":90,"column":4},"end":{"line":92,"column":5}},"type":"if","locations":[{"start":{"line":90,"column":4},"end":{"line":92,"column":5}},{"start":{},"end":{}}],"line":90},"11":{"loc":{"start":{"line":90,"column":8},"end":{"line":90,"column":45}},"type":"binary-expr","locations":[{"start":{"line":90,"column":8},"end":{"line":90,"column":19}},{"start":{"line":90,"column":23},"end":{"line":90,"column":30}},{"start":{"line":90,"column":34},"end":{"line":90,"column":45}}],"line":90},"12":{"loc":{"start":{"line":99,"column":8},"end":{"line":99,"column":42}},"type":"if","locations":[{"start":{"line":99,"column":8},"end":{"line":99,"column":42}},{"start":{},"end":{}}],"line":99},"13":{"loc":{"start":{"line":102,"column":8},"end":{"line":104,"column":9}},"type":"if","locations":[{"start":{"line":102,"column":8},"end":{"line":104,"column":9}},{"start":{},"end":{}}],"line":102},"14":{"loc":{"start":{"line":102,"column":12},"end":{"line":102,"column":60}},"type":"binary-expr","locations":[{"start":{"line":102,"column":12},"end":{"line":102,"column":21}},{"start":{"line":102,"column":25},"end":{"line":102,"column":60}}],"line":102},"15":{"loc":{"start":{"line":105,"column":8},"end":{"line":107,"column":9}},"type":"if","locations":[{"start":{"line":105,"column":8},"end":{"line":107,"column":9}},{"start":{},"end":{}}],"line":105},"16":{"loc":{"start":{"line":118,"column":12},"end":{"line":118,"column":51}},"type":"if","locations":[{"start":{"line":118,"column":12},"end":{"line":118,"column":51}},{"start":{},"end":{}}],"line":118},"17":{"loc":{"start":{"line":136,"column":25},"end":{"line":136,"column":74}},"type":"binary-expr","locations":[{"start":{"line":136,"column":25},"end":{"line":136,"column":30}},{"start":{"line":136,"column":34},"end":{"line":136,"column":74}}],"line":136},"18":{"loc":{"start":{"line":141,"column":8},"end":{"line":143,"column":9}},"type":"if","locations":[{"start":{"line":141,"column":8},"end":{"line":143,"column":9}},{"start":{},"end":{}}],"line":141},"19":{"loc":{"start":{"line":141,"column":12},"end":{"line":141,"column":64}},"type":"binary-expr","locations":[{"start":{"line":141,"column":12},"end":{"line":141,"column":27}},{"start":{"line":141,"column":31},"end":{"line":141,"column":64}}],"line":141}},"s":{"0":9,"1":9,"2":9,"3":9,"4":9,"5":9,"6":9,"7":9,"8":0,"9":0,"10":0,"11":0,"12":0,"13":0,"14":0,"15":0,"16":0,"17":0,"18":0,"19":0,"20":0,"21":0,"22":0,"23":0,"24":0,"25":0,"26":0,"27":0,"28":0,"29":0,"30":0,"31":0,"32":0,"33":0,"34":0,"35":0,"36":0,"37":0,"38":0,"39":0,"40":0,"41":0,"42":0,"43":0,"44":0,"45":9,"46":0,"47":0,"48":0,"49":0,"50":0,"51":0,"52":0,"53":0,"54":0,"55":0,"56":0,"57":0,"58":0,"59":0,"60":0,"61":0,"62":0,"63":0,"64":0,"65":0,"66":0,"67":0,"68":0,"69":0,"70":0,"71":0,"72":0,"73":0,"74":0,"75":0,"76":0,"77":0,"78":0,"79":0,"80":0,"81":0,"82":0},"f":{"0":0,"1":0},"b":{"0":[0,0],"1":[0,0,0],"2":[0,0],"3":[0,0],"4":[0,0],"5":[0,0],"6":[0,0],"7":[0,0],"8":[0,0],"9":[0,0],"10":[0,0],"11":[0,0,0],"12":[0,0],"13":[0,0],"14":[0,0],"15":[0,0],"16":[0,0],"17":[0,0],"18":[0,0],"19":[0,0]},"_coverageSchema":"1a1c01bbd47fc00a2c39e90264f33305004495a9","hash":"df0a488cc988b2227d5ab66efdd6ada715bd9bf4"}
,"/Users/binodlamichhane/Documents/developer/HisabKitab Web/hisab_kitab_api/controllers/customerController.js": {"path":"/Users/binodlamichhane/Documents/developer/HisabKitab Web/hisab_kitab_api/controllers/customerController.js","statementMap":{"0":{"start":{"line":9,"column":17},"end":{"line":9,"column":31}},"1":{"start":{"line":10,"column":17},"end":{"line":10,"column":46}},"2":{"start":{"line":11,"column":13},"end":{"line":11,"column":38}},"3":{"start":{"line":12,"column":16},"end":{"line":12,"column":34}},"4":{"start":{"line":13,"column":20},"end":{"line":13,"column":52}},"5":{"start":{"line":14,"column":13},"end":{"line":14,"column":38}},"6":{"start":{"line":16,"column":0},"end":{"line":73,"column":1}},"7":{"start":{"line":17,"column":4},"end":{"line":72,"column":5}},"8":{"start":{"line":18,"column":58},"end":{"line":18,"column":66}},"9":{"start":{"line":19,"column":23},"end":{"line":19,"column":35}},"10":{"start":{"line":22,"column":8},"end":{"line":27,"column":9}},"11":{"start":{"line":23,"column":12},"end":{"line":26,"column":14}},"12":{"start":{"line":29,"column":21},"end":{"line":29,"column":48}},"13":{"start":{"line":31,"column":8},"end":{"line":36,"column":9}},"14":{"start":{"line":32,"column":12},"end":{"line":35,"column":14}},"15":{"start":{"line":38,"column":8},"end":{"line":43,"column":9}},"16":{"start":{"line":39,"column":12},"end":{"line":42,"column":14}},"17":{"start":{"line":45,"column":33},"end":{"line":45,"column":76}},"18":{"start":{"line":46,"column":8},"end":{"line":51,"column":9}},"19":{"start":{"line":47,"column":12},"end":{"line":50,"column":14}},"20":{"start":{"line":53,"column":28},"end":{"line":59,"column":10}},"21":{"start":{"line":60,"column":8},"end":{"line":60,"column":32}},"22":{"start":{"line":62,"column":8},"end":{"line":65,"column":10}},"23":{"start":{"line":67,"column":8},"end":{"line":70,"column":10}},"24":{"start":{"line":75,"column":0},"end":{"line":136,"column":1}},"25":{"start":{"line":83,"column":4},"end":{"line":135,"column":5}},"26":{"start":{"line":84,"column":46},"end":{"line":84,"column":55}},"27":{"start":{"line":85,"column":23},"end":{"line":85,"column":35}},"28":{"start":{"line":87,"column":8},"end":{"line":92,"column":9}},"29":{"start":{"line":88,"column":12},"end":{"line":91,"column":14}},"30":{"start":{"line":94,"column":21},"end":{"line":94,"column":48}},"31":{"start":{"line":95,"column":8},"end":{"line":100,"column":9}},"32":{"start":{"line":96,"column":12},"end":{"line":99,"column":14}},"33":{"start":{"line":101,"column":8},"end":{"line":106,"column":9}},"34":{"start":{"line":102,"column":12},"end":{"line":105,"column":14}},"35":{"start":{"line":107,"column":26},"end":{"line":107,"column":60}},"36":{"start":{"line":108,"column":26},"end":{"line":108,"column":63}},"37":{"start":{"line":109,"column":23},"end":{"line":109,"column":46}},"38":{"start":{"line":111,"column":28},"end":{"line":117,"column":9}},"39":{"start":{"line":119,"column":31},"end":{"line":119,"column":73}},"40":{"start":{"line":121,"column":26},"end":{"line":122,"column":25}},"41":{"start":{"line":124,"column":8},"end":{"line":128,"column":7}},"42":{"start":{"line":130,"column":8},"end":{"line":133,"column":10}},"43":{"start":{"line":138,"column":0},"end":{"line":172,"column":1}},"44":{"start":{"line":139,"column":4},"end":{"line":171,"column":5}},"45":{"start":{"line":141,"column":29},"end":{"line":141,"column":39}},"46":{"start":{"line":142,"column":23},"end":{"line":142,"column":35}},"47":{"start":{"line":144,"column":25},"end":{"line":144,"column":60}},"48":{"start":{"line":146,"column":8},"end":{"line":151,"column":9}},"49":{"start":{"line":147,"column":12},"end":{"line":150,"column":14}},"50":{"start":{"line":153,"column":21},"end":{"line":153,"column":55}},"51":{"start":{"line":154,"column":8},"end":{"line":159,"column":9}},"52":{"start":{"line":155,"column":12},"end":{"line":158,"column":14}},"53":{"start":{"line":160,"column":8},"end":{"line":164,"column":10}},"54":{"start":{"line":167,"column":8},"end":{"line":170,"column":10}},"55":{"start":{"line":174,"column":0},"end":{"line":224,"column":1}},"56":{"start":{"line":175,"column":4},"end":{"line":223,"column":5}},"57":{"start":{"line":176,"column":29},"end":{"line":176,"column":39}},"58":{"start":{"line":177,"column":45},"end":{"line":177,"column":53}},"59":{"start":{"line":178,"column":23},"end":{"line":178,"column":35}},"60":{"start":{"line":180,"column":25},"end":{"line":180,"column":60}},"61":{"start":{"line":181,"column":8},"end":{"line":186,"column":9}},"62":{"start":{"line":182,"column":12},"end":{"line":185,"column":14}},"63":{"start":{"line":188,"column":21},"end":{"line":188,"column":55}},"64":{"start":{"line":189,"column":8},"end":{"line":194,"column":9}},"65":{"start":{"line":190,"column":12},"end":{"line":193,"column":15}},"66":{"start":{"line":196,"column":8},"end":{"line":201,"column":9}},"67":{"start":{"line":197,"column":12},"end":{"line":200,"column":15}},"68":{"start":{"line":203,"column":32},"end":{"line":207,"column":9}},"69":{"start":{"line":209,"column":8},"end":{"line":213,"column":10}},"70":{"start":{"line":216,"column":8},"end":{"line":216,"column":27}},"71":{"start":{"line":218,"column":8},"end":{"line":221,"column":10}},"72":{"start":{"line":227,"column":0},"end":{"line":285,"column":1}},"73":{"start":{"line":228,"column":4},"end":{"line":284,"column":5}},"74":{"start":{"line":229,"column":29},"end":{"line":229,"column":39}},"75":{"start":{"line":230,"column":23},"end":{"line":230,"column":35}},"76":{"start":{"line":233,"column":25},"end":{"line":233,"column":60}},"77":{"start":{"line":234,"column":8},"end":{"line":239,"column":9}},"78":{"start":{"line":235,"column":12},"end":{"line":238,"column":14}},"79":{"start":{"line":241,"column":21},"end":{"line":241,"column":55}},"80":{"start":{"line":242,"column":8},"end":{"line":247,"column":9}},"81":{"start":{"line":243,"column":12},"end":{"line":246,"column":15}},"82":{"start":{"line":249,"column":8},"end":{"line":254,"column":9}},"83":{"start":{"line":250,"column":12},"end":{"line":253,"column":15}},"84":{"start":{"line":255,"column":33},"end":{"line":255,"column":98}},"85":{"start":{"line":257,"column":8},"end":{"line":262,"column":9}},"86":{"start":{"line":258,"column":10},"end":{"line":261,"column":13}},"87":{"start":{"line":263,"column":26},"end":{"line":263,"column":77}},"88":{"start":{"line":264,"column":8},"end":{"line":269,"column":9}},"89":{"start":{"line":265,"column":12},"end":{"line":268,"column":15}},"90":{"start":{"line":274,"column":8},"end":{"line":274,"column":53}},"91":{"start":{"line":275,"column":8},"end":{"line":278,"column":10}},"92":{"start":{"line":280,"column":8},"end":{"line":283,"column":10}}},"fnMap":{"0":{"name":"(anonymous_0)","decl":{"start":{"line":16,"column":22},"end":{"line":16,"column":23}},"loc":{"start":{"line":16,"column":41},"end":{"line":73,"column":1}},"line":16},"1":{"name":"(anonymous_1)","decl":{"start":{"line":75,"column":29},"end":{"line":75,"column":30}},"loc":{"start":{"line":75,"column":47},"end":{"line":136,"column":1}},"line":75},"2":{"name":"(anonymous_2)","decl":{"start":{"line":138,"column":26},"end":{"line":138,"column":27}},"loc":{"start":{"line":138,"column":43},"end":{"line":172,"column":1}},"line":138},"3":{"name":"(anonymous_3)","decl":{"start":{"line":174,"column":25},"end":{"line":174,"column":26}},"loc":{"start":{"line":174,"column":43},"end":{"line":224,"column":1}},"line":174},"4":{"name":"(anonymous_4)","decl":{"start":{"line":227,"column":25},"end":{"line":227,"column":26}},"loc":{"start":{"line":227,"column":45},"end":{"line":285,"column":1}},"line":227}},"branchMap":{"0":{"loc":{"start":{"line":22,"column":8},"end":{"line":27,"column":9}},"type":"if","locations":[{"start":{"line":22,"column":8},"end":{"line":27,"column":9}},{"start":{},"end":{}}],"line":22},"1":{"loc":{"start":{"line":22,"column":11},"end":{"line":22,"column":47}},"type":"binary-expr","locations":[{"start":{"line":22,"column":11},"end":{"line":22,"column":16}},{"start":{"line":22,"column":20},"end":{"line":22,"column":26}},{"start":{"line":22,"column":30},"end":{"line":22,"column":37}},{"start":{"line":22,"column":41},"end":{"line":22,"column":47}}],"line":22},"2":{"loc":{"start":{"line":31,"column":8},"end":{"line":36,"column":9}},"type":"if","locations":[{"start":{"line":31,"column":8},"end":{"line":36,"column":9}},{"start":{},"end":{}}],"line":31},"3":{"loc":{"start":{"line":38,"column":8},"end":{"line":43,"column":9}},"type":"if","locations":[{"start":{"line":38,"column":8},"end":{"line":43,"column":9}},{"start":{},"end":{}}],"line":38},"4":{"loc":{"start":{"line":46,"column":8},"end":{"line":51,"column":9}},"type":"if","locations":[{"start":{"line":46,"column":8},"end":{"line":51,"column":9}},{"start":{},"end":{}}],"line":46},"5":{"loc":{"start":{"line":84,"column":23},"end":{"line":84,"column":34}},"type":"default-arg","locations":[{"start":{"line":84,"column":32},"end":{"line":84,"column":34}}],"line":84},"6":{"loc":{"start":{"line":87,"column":8},"end":{"line":92,"column":9}},"type":"if","locations":[{"start":{"line":87,"column":8},"end":{"line":92,"column":9}},{"start":{},"end":{}}],"line":87},"7":{"loc":{"start":{"line":95,"column":8},"end":{"line":100,"column":9}},"type":"if","locations":[{"start":{"line":95,"column":8},"end":{"line":100,"column":9}},{"start":{},"end":{}}],"line":95},"8":{"loc":{"start":{"line":101,"column":8},"end":{"line":106,"column":9}},"type":"if","locations":[{"start":{"line":101,"column":8},"end":{"line":106,"column":9}},{"start":{},"end":{}}],"line":101},"9":{"loc":{"start":{"line":107,"column":26},"end":{"line":107,"column":60}},"type":"binary-expr","locations":[{"start":{"line":107,"column":26},"end":{"line":107,"column":45}},{"start":{"line":107,"column":49},"end":{"line":107,"column":60}}],"line":107},"10":{"loc":{"start":{"line":108,"column":26},"end":{"line":108,"column":63}},"type":"cond-expr","locations":[{"start":{"line":108,"column":58},"end":{"line":108,"column":59}},{"start":{"line":108,"column":61},"end":{"line":108,"column":63}}],"line":108},"11":{"loc":{"start":{"line":146,"column":8},"end":{"line":151,"column":9}},"type":"if","locations":[{"start":{"line":146,"column":8},"end":{"line":151,"column":9}},{"start":{},"end":{}}],"line":146},"12":{"loc":{"start":{"line":154,"column":8},"end":{"line":159,"column":9}},"type":"if","locations":[{"start":{"line":154,"column":8},"end":{"line":159,"column":9}},{"start":{},"end":{}}],"line":154},"13":{"loc":{"start":{"line":154,"column":11},"end":{"line":154,"column":63}},"type":"binary-expr","locations":[{"start":{"line":154,"column":11},"end":{"line":154,"column":16}},{"start":{"line":154,"column":20},"end":{"line":154,"column":63}}],"line":154},"14":{"loc":{"start":{"line":181,"column":8},"end":{"line":186,"column":9}},"type":"if","locations":[{"start":{"line":181,"column":8},"end":{"line":186,"column":9}},{"start":{},"end":{}}],"line":181},"15":{"loc":{"start":{"line":189,"column":8},"end":{"line":194,"column":9}},"type":"if","locations":[{"start":{"line":189,"column":8},"end":{"line":194,"column":9}},{"start":{},"end":{}}],"line":189},"16":{"loc":{"start":{"line":196,"column":8},"end":{"line":201,"column":9}},"type":"if","locations":[{"start":{"line":196,"column":8},"end":{"line":201,"column":9}},{"start":{},"end":{}}],"line":196},"17":{"loc":{"start":{"line":234,"column":8},"end":{"line":239,"column":9}},"type":"if","locations":[{"start":{"line":234,"column":8},"end":{"line":239,"column":9}},{"start":{},"end":{}}],"line":234},"18":{"loc":{"start":{"line":242,"column":8},"end":{"line":247,"column":9}},"type":"if","locations":[{"start":{"line":242,"column":8},"end":{"line":247,"column":9}},{"start":{},"end":{}}],"line":242},"19":{"loc":{"start":{"line":249,"column":8},"end":{"line":254,"column":9}},"type":"if","locations":[{"start":{"line":249,"column":8},"end":{"line":254,"column":9}},{"start":{},"end":{}}],"line":249},"20":{"loc":{"start":{"line":257,"column":8},"end":{"line":262,"column":9}},"type":"if","locations":[{"start":{"line":257,"column":8},"end":{"line":262,"column":9}},{"start":{},"end":{}}],"line":257},"21":{"loc":{"start":{"line":264,"column":8},"end":{"line":269,"column":9}},"type":"if","locations":[{"start":{"line":264,"column":8},"end":{"line":269,"column":9}},{"start":{},"end":{}}],"line":264}},"s":{"0":9,"1":9,"2":9,"3":9,"4":9,"5":9,"6":9,"7":4,"8":4,"9":4,"10":4,"11":1,"12":3,"13":3,"14":0,"15":3,"16":1,"17":2,"18":2,"19":1,"20":1,"21":1,"22":1,"23":0,"24":9,"25":0,"26":0,"27":0,"28":0,"29":0,"30":0,"31":0,"32":0,"33":0,"34":0,"35":0,"36":0,"37":0,"38":0,"39":0,"40":0,"41":0,"42":0,"43":9,"44":2,"45":2,"46":2,"47":2,"48":2,"49":1,"50":1,"51":1,"52":0,"53":1,"54":0,"55":9,"56":1,"57":1,"58":1,"59":1,"60":1,"61":1,"62":0,"63":1,"64":1,"65":0,"66":1,"67":0,"68":1,"69":1,"70":0,"71":0,"72":9,"73":1,"74":1,"75":1,"76":1,"77":1,"78":0,"79":1,"80":1,"81":0,"82":1,"83":0,"84":1,"85":1,"86":0,"87":1,"88":1,"89":0,"90":1,"91":1,"92":0},"f":{"0":4,"1":0,"2":2,"3":1,"4":1},"b":{"0":[1,3],"1":[4,4,3,3],"2":[0,3],"3":[1,2],"4":[1,1],"5":[0],"6":[0,0],"7":[0,0],"8":[0,0],"9":[0,0],"10":[0,0],"11":[1,1],"12":[0,1],"13":[1,1],"14":[0,1],"15":[0,1],"16":[0,1],"17":[0,1],"18":[0,1],"19":[0,1],"20":[0,1],"21":[0,1]},"_coverageSchema":"1a1c01bbd47fc00a2c39e90264f33305004495a9","hash":"4236215fed275ea843399e41d7a3ca8b87bb02d9"}
,"/Users/binodlamichhane/Documents/developer/HisabKitab Web/hisab_kitab_api/controllers/dashboardController.js": {"path":"/Users/binodlamichhane/Documents/developer/HisabKitab Web/hisab_kitab_api/controllers/dashboardController.js","statementMap":{"0":{"start":{"line":1,"column":17},"end":{"line":1,"column":36}},"1":{"start":{"line":2,"column":17},"end":{"line":2,"column":46}},"2":{"start":{"line":3,"column":17},"end":{"line":3,"column":46}},"3":{"start":{"line":4,"column":13},"end":{"line":4,"column":38}},"4":{"start":{"line":5,"column":17},"end":{"line":5,"column":46}},"5":{"start":{"line":6,"column":28},"end":{"line":6,"column":63}},"6":{"start":{"line":9,"column":0},"end":{"line":50,"column":2}},"7":{"start":{"line":10,"column":4},"end":{"line":49,"column":5}},"8":{"start":{"line":11,"column":27},"end":{"line":11,"column":36}},"9":{"start":{"line":12,"column":23},"end":{"line":12,"column":35}},"10":{"start":{"line":14,"column":34},"end":{"line":14,"column":71}},"11":{"start":{"line":15,"column":8},"end":{"line":15,"column":86}},"12":{"start":{"line":15,"column":19},"end":{"line":15,"column":86}},"13":{"start":{"line":17,"column":29},"end":{"line":17,"column":64}},"14":{"start":{"line":24,"column":12},"end":{"line":35,"column":10}},"15":{"start":{"line":37,"column":8},"end":{"line":45,"column":11}},"16":{"start":{"line":48,"column":8},"end":{"line":48,"column":92}},"17":{"start":{"line":53,"column":0},"end":{"line":119,"column":2}},"18":{"start":{"line":54,"column":4},"end":{"line":118,"column":5}},"19":{"start":{"line":55,"column":27},"end":{"line":55,"column":36}},"20":{"start":{"line":56,"column":23},"end":{"line":56,"column":35}},"21":{"start":{"line":58,"column":34},"end":{"line":58,"column":71}},"22":{"start":{"line":59,"column":8},"end":{"line":59,"column":86}},"23":{"start":{"line":59,"column":19},"end":{"line":59,"column":86}},"24":{"start":{"line":61,"column":29},"end":{"line":61,"column":64}},"25":{"start":{"line":63,"column":26},"end":{"line":63,"column":36}},"26":{"start":{"line":64,"column":8},"end":{"line":64,"column":54}},"27":{"start":{"line":65,"column":8},"end":{"line":65,"column":29}},"28":{"start":{"line":66,"column":8},"end":{"line":66,"column":39}},"29":{"start":{"line":68,"column":24},"end":{"line":68,"column":34}},"30":{"start":{"line":69,"column":8},"end":{"line":69,"column":52}},"31":{"start":{"line":70,"column":8},"end":{"line":70,"column":42}},"32":{"start":{"line":72,"column":43},"end":{"line":89,"column":10}},"33":{"start":{"line":91,"column":26},"end":{"line":91,"column":28}},"34":{"start":{"line":92,"column":27},"end":{"line":92,"column":111}},"35":{"start":{"line":94,"column":26},"end":{"line":94,"column":45}},"36":{"start":{"line":96,"column":8},"end":{"line":111,"column":9}},"37":{"start":{"line":96,"column":21},"end":{"line":96,"column":22}},"38":{"start":{"line":97,"column":25},"end":{"line":97,"column":50}},"39":{"start":{"line":98,"column":26},"end":{"line":98,"column":52}},"40":{"start":{"line":99,"column":30},"end":{"line":99,"column":64}},"41":{"start":{"line":101,"column":25},"end":{"line":101,"column":90}},"42":{"start":{"line":101,"column":45},"end":{"line":101,"column":89}},"43":{"start":{"line":102,"column":29},"end":{"line":102,"column":98}},"44":{"start":{"line":102,"column":53},"end":{"line":102,"column":97}},"45":{"start":{"line":104,"column":12},"end":{"line":108,"column":15}},"46":{"start":{"line":110,"column":12},"end":{"line":110,"column":61}},"47":{"start":{"line":113,"column":8},"end":{"line":113,"column":65}},"48":{"start":{"line":116,"column":8},"end":{"line":116,"column":50}},"49":{"start":{"line":117,"column":8},"end":{"line":117,"column":92}}},"fnMap":{"0":{"name":"(anonymous_0)","decl":{"start":{"line":9,"column":28},"end":{"line":9,"column":29}},"loc":{"start":{"line":9,"column":48},"end":{"line":50,"column":1}},"line":9},"1":{"name":"(anonymous_1)","decl":{"start":{"line":53,"column":23},"end":{"line":53,"column":24}},"loc":{"start":{"line":53,"column":43},"end":{"line":119,"column":1}},"line":53},"2":{"name":"(anonymous_2)","decl":{"start":{"line":101,"column":40},"end":{"line":101,"column":41}},"loc":{"start":{"line":101,"column":45},"end":{"line":101,"column":89}},"line":101},"3":{"name":"(anonymous_3)","decl":{"start":{"line":102,"column":48},"end":{"line":102,"column":49}},"loc":{"start":{"line":102,"column":53},"end":{"line":102,"column":97}},"line":102}},"branchMap":{"0":{"loc":{"start":{"line":15,"column":8},"end":{"line":15,"column":86}},"type":"if","locations":[{"start":{"line":15,"column":8},"end":{"line":15,"column":86}},{"start":{},"end":{}}],"line":15},"1":{"loc":{"start":{"line":42,"column":34},"end":{"line":42,"column":65}},"type":"binary-expr","locations":[{"start":{"line":42,"column":34},"end":{"line":42,"column":60}},{"start":{"line":42,"column":64},"end":{"line":42,"column":65}}],"line":42},"2":{"loc":{"start":{"line":43,"column":31},"end":{"line":43,"column":59}},"type":"binary-expr","locations":[{"start":{"line":43,"column":31},"end":{"line":43,"column":54}},{"start":{"line":43,"column":58},"end":{"line":43,"column":59}}],"line":43},"3":{"loc":{"start":{"line":59,"column":8},"end":{"line":59,"column":86}},"type":"if","locations":[{"start":{"line":59,"column":8},"end":{"line":59,"column":86}},{"start":{},"end":{}}],"line":59},"4":{"loc":{"start":{"line":101,"column":45},"end":{"line":101,"column":89}},"type":"binary-expr","locations":[{"start":{"line":101,"column":45},"end":{"line":101,"column":64}},{"start":{"line":101,"column":68},"end":{"line":101,"column":89}}],"line":101},"5":{"loc":{"start":{"line":102,"column":53},"end":{"line":102,"column":97}},"type":"binary-expr","locations":[{"start":{"line":102,"column":53},"end":{"line":102,"column":72}},{"start":{"line":102,"column":76},"end":{"line":102,"column":97}}],"line":102},"6":{"loc":{"start":{"line":106,"column":23},"end":{"line":106,"column":39}},"type":"binary-expr","locations":[{"start":{"line":106,"column":23},"end":{"line":106,"column":34}},{"start":{"line":106,"column":38},"end":{"line":106,"column":39}}],"line":106},"7":{"loc":{"start":{"line":107,"column":27},"end":{"line":107,"column":47}},"type":"binary-expr","locations":[{"start":{"line":107,"column":27},"end":{"line":107,"column":42}},{"start":{"line":107,"column":46},"end":{"line":107,"column":47}}],"line":107}},"s":{"0":9,"1":9,"2":9,"3":9,"4":9,"5":9,"6":9,"7":2,"8":2,"9":2,"10":2,"11":2,"12":1,"13":1,"14":1,"15":1,"16":0,"17":9,"18":0,"19":0,"20":0,"21":0,"22":0,"23":0,"24":0,"25":0,"26":0,"27":0,"28":0,"29":0,"30":0,"31":0,"32":0,"33":0,"34":0,"35":0,"36":0,"37":0,"38":0,"39":0,"40":0,"41":0,"42":0,"43":0,"44":0,"45":0,"46":0,"47":0,"48":0,"49":0},"f":{"0":2,"1":0,"2":0,"3":0},"b":{"0":[1,1],"1":[1,0],"2":[1,0],"3":[0,0],"4":[0,0],"5":[0,0],"6":[0,0],"7":[0,0]},"_coverageSchema":"1a1c01bbd47fc00a2c39e90264f33305004495a9","hash":"7cc72d4992e564ce849838881ebab202571f9e6e"}
,"/Users/binodlamichhane/Documents/developer/HisabKitab Web/hisab_kitab_api/controllers/notificationController.js": {"path":"/Users/binodlamichhane/Documents/developer/HisabKitab Web/hisab_kitab_api/controllers/notificationController.js","statementMap":{"0":{"start":{"line":1,"column":21},"end":{"line":1,"column":54}},"1":{"start":{"line":3,"column":0},"end":{"line":13,"column":2}},"2":{"start":{"line":4,"column":4},"end":{"line":12,"column":90}},"3":{"start":{"line":5,"column":30},"end":{"line":7,"column":22}},"4":{"start":{"line":9,"column":28},"end":{"line":9,"column":100}},"5":{"start":{"line":11,"column":8},"end":{"line":11,"column":89}},"6":{"start":{"line":12,"column":22},"end":{"line":12,"column":88}},"7":{"start":{"line":15,"column":0},"end":{"line":26,"column":2}},"8":{"start":{"line":16,"column":4},"end":{"line":25,"column":90}},"9":{"start":{"line":17,"column":29},"end":{"line":17,"column":99}},"10":{"start":{"line":18,"column":8},"end":{"line":18,"column":110}},"11":{"start":{"line":18,"column":27},"end":{"line":18,"column":110}},"12":{"start":{"line":20,"column":8},"end":{"line":23,"column":9}},"13":{"start":{"line":21,"column":12},"end":{"line":21,"column":39}},"14":{"start":{"line":22,"column":12},"end":{"line":22,"column":38}},"15":{"start":{"line":24,"column":8},"end":{"line":24,"column":68}},"16":{"start":{"line":25,"column":22},"end":{"line":25,"column":88}},"17":{"start":{"line":28,"column":0},"end":{"line":33,"column":2}},"18":{"start":{"line":29,"column":4},"end":{"line":32,"column":90}},"19":{"start":{"line":30,"column":8},"end":{"line":30,"column":105}},"20":{"start":{"line":31,"column":8},"end":{"line":31,"column":94}},"21":{"start":{"line":32,"column":22},"end":{"line":32,"column":88}}},"fnMap":{"0":{"name":"(anonymous_0)","decl":{"start":{"line":3,"column":27},"end":{"line":3,"column":28}},"loc":{"start":{"line":3,"column":47},"end":{"line":13,"column":1}},"line":3},"1":{"name":"(anonymous_1)","decl":{"start":{"line":15,"column":21},"end":{"line":15,"column":22}},"loc":{"start":{"line":15,"column":41},"end":{"line":26,"column":1}},"line":15},"2":{"name":"(anonymous_2)","decl":{"start":{"line":28,"column":24},"end":{"line":28,"column":25}},"loc":{"start":{"line":28,"column":44},"end":{"line":33,"column":1}},"line":28}},"branchMap":{"0":{"loc":{"start":{"line":18,"column":8},"end":{"line":18,"column":110}},"type":"if","locations":[{"start":{"line":18,"column":8},"end":{"line":18,"column":110}},{"start":{},"end":{}}],"line":18},"1":{"loc":{"start":{"line":20,"column":8},"end":{"line":23,"column":9}},"type":"if","locations":[{"start":{"line":20,"column":8},"end":{"line":23,"column":9}},{"start":{},"end":{}}],"line":20}},"s":{"0":9,"1":9,"2":2,"3":2,"4":2,"5":2,"6":0,"7":9,"8":2,"9":2,"10":2,"11":1,"12":1,"13":1,"14":1,"15":1,"16":0,"17":9,"18":1,"19":1,"20":1,"21":0},"f":{"0":2,"1":2,"2":1},"b":{"0":[1,1],"1":[1,0]},"_coverageSchema":"1a1c01bbd47fc00a2c39e90264f33305004495a9","hash":"7defc8827e0a7620eb2f4d61a197fee981c56545"}
,"/Users/binodlamichhane/Documents/developer/HisabKitab Web/hisab_kitab_api/controllers/paymentController.js": {"path":"/Users/binodlamichhane/Documents/developer/HisabKitab Web/hisab_kitab_api/controllers/paymentController.js","statementMap":{"0":{"start":{"line":1,"column":15},"end":{"line":1,"column":32}},"1":{"start":{"line":2,"column":23},"end":{"line":2,"column":38}},"2":{"start":{"line":3,"column":13},"end":{"line":3,"column":38}},"3":{"start":{"line":4,"column":16},"end":{"line":4,"column":44}},"4":{"start":{"line":6,"column":0},"end":{"line":56,"column":2}},"5":{"start":{"line":7,"column":4},"end":{"line":55,"column":5}},"6":{"start":{"line":8,"column":21},"end":{"line":8,"column":54}},"7":{"start":{"line":9,"column":8},"end":{"line":14,"column":9}},"8":{"start":{"line":10,"column":12},"end":{"line":13,"column":15}},"9":{"start":{"line":16,"column":32},"end":{"line":16,"column":40}},"10":{"start":{"line":17,"column":28},"end":{"line":17,"column":39}},"11":{"start":{"line":18,"column":23},"end":{"line":18,"column":25}},"12":{"start":{"line":20,"column":8},"end":{"line":26,"column":11}},"13":{"start":{"line":28,"column":31},"end":{"line":41,"column":9}},"14":{"start":{"line":43,"column":8},"end":{"line":47,"column":11}},"15":{"start":{"line":50,"column":8},"end":{"line":50,"column":58}},"16":{"start":{"line":51,"column":8},"end":{"line":54,"column":11}},"17":{"start":{"line":58,"column":0},"end":{"line":124,"column":2}},"18":{"start":{"line":59,"column":4},"end":{"line":123,"column":5}},"19":{"start":{"line":60,"column":8},"end":{"line":60,"column":30}},"20":{"start":{"line":63,"column":36},"end":{"line":63,"column":44}},"21":{"start":{"line":65,"column":8},"end":{"line":70,"column":9}},"22":{"start":{"line":66,"column":12},"end":{"line":69,"column":15}},"23":{"start":{"line":72,"column":30},"end":{"line":75,"column":10}},"24":{"start":{"line":77,"column":8},"end":{"line":82,"column":9}},"25":{"start":{"line":78,"column":12},"end":{"line":81,"column":15}},"26":{"start":{"line":84,"column":32},"end":{"line":84,"column":71}},"27":{"start":{"line":85,"column":33},"end":{"line":90,"column":9}},"28":{"start":{"line":93,"column":21},"end":{"line":93,"column":60}},"29":{"start":{"line":94,"column":8},"end":{"line":99,"column":9}},"30":{"start":{"line":95,"column":12},"end":{"line":98,"column":15}},"31":{"start":{"line":101,"column":8},"end":{"line":101,"column":39}},"32":{"start":{"line":102,"column":8},"end":{"line":102,"column":44}},"33":{"start":{"line":103,"column":8},"end":{"line":103,"column":87}},"34":{"start":{"line":104,"column":8},"end":{"line":104,"column":26}},"35":{"start":{"line":106,"column":8},"end":{"line":106,"column":42}},"36":{"start":{"line":107,"column":8},"end":{"line":107,"column":51}},"37":{"start":{"line":108,"column":8},"end":{"line":108,"column":35}},"38":{"start":{"line":110,"column":8},"end":{"line":110,"column":75}},"39":{"start":{"line":112,"column":8},"end":{"line":115,"column":11}},"40":{"start":{"line":118,"column":8},"end":{"line":118,"column":60}},"41":{"start":{"line":119,"column":8},"end":{"line":122,"column":11}}},"fnMap":{"0":{"name":"(anonymous_0)","decl":{"start":{"line":6,"column":38},"end":{"line":6,"column":39}},"loc":{"start":{"line":6,"column":58},"end":{"line":56,"column":1}},"line":6},"1":{"name":"(anonymous_1)","decl":{"start":{"line":58,"column":36},"end":{"line":58,"column":37}},"loc":{"start":{"line":58,"column":56},"end":{"line":124,"column":1}},"line":58}},"branchMap":{"0":{"loc":{"start":{"line":9,"column":8},"end":{"line":14,"column":9}},"type":"if","locations":[{"start":{"line":9,"column":8},"end":{"line":14,"column":9}},{"start":{},"end":{}}],"line":9},"1":{"loc":{"start":{"line":65,"column":8},"end":{"line":70,"column":9}},"type":"if","locations":[{"start":{"line":65,"column":8},"end":{"line":70,"column":9}},{"start":{},"end":{}}],"line":65},"2":{"loc":{"start":{"line":65,"column":12},"end":{"line":65,"column":26}},"type":"binary-expr","locations":[{"start":{"line":65,"column":12},"end":{"line":65,"column":16}},{"start":{"line":65,"column":20},"end":{"line":65,"column":26}}],"line":65},"3":{"loc":{"start":{"line":77,"column":8},"end":{"line":82,"column":9}},"type":"if","locations":[{"start":{"line":77,"column":8},"end":{"line":82,"column":9}},{"start":{},"end":{}}],"line":77},"4":{"loc":{"start":{"line":94,"column":8},"end":{"line":99,"column":9}},"type":"if","locations":[{"start":{"line":94,"column":8},"end":{"line":99,"column":9}},{"start":{},"end":{}}],"line":94}},"s":{"0":9,"1":9,"2":9,"3":9,"4":9,"5":0,"6":0,"7":0,"8":0,"9":0,"10":0,"11":0,"12":0,"13":0,"14":0,"15":0,"16":0,"17":9,"18":0,"19":0,"20":0,"21":0,"22":0,"23":0,"24":0,"25":0,"26":0,"27":0,"28":0,"29":0,"30":0,"31":0,"32":0,"33":0,"34":0,"35":0,"36":0,"37":0,"38":0,"39":0,"40":0,"41":0},"f":{"0":0,"1":0},"b":{"0":[0,0],"1":[0,0],"2":[0,0],"3":[0,0],"4":[0,0]},"_coverageSchema":"1a1c01bbd47fc00a2c39e90264f33305004495a9","hash":"2e8e9dde97237f2f82556458bf783097c92c8a4a"}
,"/Users/binodlamichhane/Documents/developer/HisabKitab Web/hisab_kitab_api/controllers/productController.js": {"path":"/Users/binodlamichhane/Documents/developer/HisabKitab Web/hisab_kitab_api/controllers/productController.js","statementMap":{"0":{"start":{"line":1,"column":16},"end":{"line":1,"column":44}},"1":{"start":{"line":2,"column":13},"end":{"line":2,"column":38}},"2":{"start":{"line":3,"column":13},"end":{"line":3,"column":28}},"3":{"start":{"line":4,"column":11},"end":{"line":4,"column":24}},"4":{"start":{"line":7,"column":24},"end":{"line":16,"column":1}},"5":{"start":{"line":8,"column":17},"end":{"line":8,"column":44}},"6":{"start":{"line":9,"column":4},"end":{"line":11,"column":5}},"7":{"start":{"line":10,"column":8},"end":{"line":10,"column":57}},"8":{"start":{"line":12,"column":4},"end":{"line":14,"column":5}},"9":{"start":{"line":13,"column":8},"end":{"line":13,"column":98}},"10":{"start":{"line":15,"column":4},"end":{"line":15,"column":20}},"11":{"start":{"line":18,"column":0},"end":{"line":55,"column":2}},"12":{"start":{"line":19,"column":4},"end":{"line":54,"column":5}},"13":{"start":{"line":21,"column":109},"end":{"line":21,"column":117}},"14":{"start":{"line":22,"column":23},"end":{"line":22,"column":35}},"15":{"start":{"line":24,"column":40},"end":{"line":24,"column":77}},"16":{"start":{"line":25,"column":8},"end":{"line":27,"column":9}},"17":{"start":{"line":26,"column":12},"end":{"line":26,"column":79}},"18":{"start":{"line":29,"column":27},"end":{"line":38,"column":10}},"19":{"start":{"line":40,"column":9},"end":{"line":42,"column":9}},"20":{"start":{"line":41,"column":12},"end":{"line":41,"column":63}},"21":{"start":{"line":44,"column":8},"end":{"line":44,"column":32}},"22":{"start":{"line":46,"column":8},"end":{"line":50,"column":11}},"23":{"start":{"line":53,"column":8},"end":{"line":53,"column":92}},"24":{"start":{"line":57,"column":0},"end":{"line":92,"column":2}},"25":{"start":{"line":58,"column":4},"end":{"line":91,"column":5}},"26":{"start":{"line":59,"column":62},"end":{"line":59,"column":71}},"27":{"start":{"line":60,"column":23},"end":{"line":60,"column":35}},"28":{"start":{"line":62,"column":34},"end":{"line":62,"column":71}},"29":{"start":{"line":63,"column":8},"end":{"line":65,"column":9}},"30":{"start":{"line":64,"column":12},"end":{"line":64,"column":79}},"31":{"start":{"line":67,"column":21},"end":{"line":67,"column":39}},"32":{"start":{"line":68,"column":28},"end":{"line":71,"column":9}},"33":{"start":{"line":73,"column":30},"end":{"line":73,"column":71}},"34":{"start":{"line":74,"column":25},"end":{"line":77,"column":33}},"35":{"start":{"line":79,"column":8},"end":{"line":87,"column":11}},"36":{"start":{"line":90,"column":8},"end":{"line":90,"column":92}},"37":{"start":{"line":94,"column":0},"end":{"line":113,"column":2}},"38":{"start":{"line":95,"column":4},"end":{"line":112,"column":5}},"39":{"start":{"line":96,"column":30},"end":{"line":96,"column":40}},"40":{"start":{"line":97,"column":24},"end":{"line":97,"column":57}},"41":{"start":{"line":99,"column":8},"end":{"line":101,"column":9}},"42":{"start":{"line":100,"column":12},"end":{"line":100,"column":91}},"43":{"start":{"line":103,"column":34},"end":{"line":103,"column":85}},"44":{"start":{"line":104,"column":8},"end":{"line":106,"column":9}},"45":{"start":{"line":105,"column":12},"end":{"line":105,"column":79}},"46":{"start":{"line":108,"column":8},"end":{"line":108,"column":63}},"47":{"start":{"line":111,"column":8},"end":{"line":111,"column":92}},"48":{"start":{"line":115,"column":0},"end":{"line":156,"column":2}},"49":{"start":{"line":116,"column":4},"end":{"line":155,"column":5}},"50":{"start":{"line":117,"column":30},"end":{"line":117,"column":40}},"51":{"start":{"line":118,"column":24},"end":{"line":118,"column":32}},"52":{"start":{"line":120,"column":24},"end":{"line":120,"column":57}},"53":{"start":{"line":121,"column":8},"end":{"line":123,"column":9}},"54":{"start":{"line":122,"column":12},"end":{"line":122,"column":91}},"55":{"start":{"line":125,"column":34},"end":{"line":125,"column":85}},"56":{"start":{"line":126,"column":8},"end":{"line":131,"column":9}},"57":{"start":{"line":127,"column":12},"end":{"line":129,"column":13}},"58":{"start":{"line":128,"column":16},"end":{"line":128,"column":45}},"59":{"start":{"line":130,"column":12},"end":{"line":130,"column":79}},"60":{"start":{"line":132,"column":8},"end":{"line":132,"column":27}},"61":{"start":{"line":133,"column":8},"end":{"line":133,"column":30}},"62":{"start":{"line":135,"column":8},"end":{"line":143,"column":9}},"63":{"start":{"line":136,"column":12},"end":{"line":141,"column":13}},"64":{"start":{"line":137,"column":37},"end":{"line":137,"column":78}},"65":{"start":{"line":138,"column":16},"end":{"line":140,"column":17}},"66":{"start":{"line":139,"column":20},"end":{"line":139,"column":48}},"67":{"start":{"line":142,"column":12},"end":{"line":142,"column":60}},"68":{"start":{"line":145,"column":31},"end":{"line":145,"column":128}},"69":{"start":{"line":147,"column":8},"end":{"line":151,"column":11}},"70":{"start":{"line":154,"column":8},"end":{"line":154,"column":92}},"71":{"start":{"line":158,"column":0},"end":{"line":189,"column":2}},"72":{"start":{"line":159,"column":4},"end":{"line":188,"column":5}},"73":{"start":{"line":160,"column":30},"end":{"line":160,"column":40}},"74":{"start":{"line":162,"column":24},"end":{"line":162,"column":57}},"75":{"start":{"line":163,"column":8},"end":{"line":165,"column":9}},"76":{"start":{"line":164,"column":12},"end":{"line":164,"column":91}},"77":{"start":{"line":167,"column":34},"end":{"line":167,"column":85}},"78":{"start":{"line":168,"column":8},"end":{"line":170,"column":9}},"79":{"start":{"line":169,"column":12},"end":{"line":169,"column":79}},"80":{"start":{"line":175,"column":8},"end":{"line":180,"column":9}},"81":{"start":{"line":176,"column":30},"end":{"line":176,"column":71}},"82":{"start":{"line":177,"column":12},"end":{"line":179,"column":13}},"83":{"start":{"line":178,"column":16},"end":{"line":178,"column":41}},"84":{"start":{"line":182,"column":8},"end":{"line":182,"column":51}},"85":{"start":{"line":184,"column":8},"end":{"line":184,"column":90}},"86":{"start":{"line":187,"column":8},"end":{"line":187,"column":92}}},"fnMap":{"0":{"name":"(anonymous_0)","decl":{"start":{"line":7,"column":24},"end":{"line":7,"column":25}},"loc":{"start":{"line":7,"column":50},"end":{"line":16,"column":1}},"line":7},"1":{"name":"(anonymous_1)","decl":{"start":{"line":18,"column":21},"end":{"line":18,"column":22}},"loc":{"start":{"line":18,"column":41},"end":{"line":55,"column":1}},"line":18},"2":{"name":"(anonymous_2)","decl":{"start":{"line":57,"column":28},"end":{"line":57,"column":29}},"loc":{"start":{"line":57,"column":48},"end":{"line":92,"column":1}},"line":57},"3":{"name":"(anonymous_3)","decl":{"start":{"line":94,"column":25},"end":{"line":94,"column":26}},"loc":{"start":{"line":94,"column":45},"end":{"line":113,"column":1}},"line":94},"4":{"name":"(anonymous_4)","decl":{"start":{"line":115,"column":24},"end":{"line":115,"column":25}},"loc":{"start":{"line":115,"column":44},"end":{"line":156,"column":1}},"line":115},"5":{"name":"(anonymous_5)","decl":{"start":{"line":158,"column":24},"end":{"line":158,"column":25}},"loc":{"start":{"line":158,"column":44},"end":{"line":189,"column":1}},"line":158}},"branchMap":{"0":{"loc":{"start":{"line":9,"column":4},"end":{"line":11,"column":5}},"type":"if","locations":[{"start":{"line":9,"column":4},"end":{"line":11,"column":5}},{"start":{},"end":{}}],"line":9},"1":{"loc":{"start":{"line":12,"column":4},"end":{"line":14,"column":5}},"type":"if","locations":[{"start":{"line":12,"column":4},"end":{"line":14,"column":5}},{"start":{},"end":{}}],"line":12},"2":{"loc":{"start":{"line":25,"column":8},"end":{"line":27,"column":9}},"type":"if","locations":[{"start":{"line":25,"column":8},"end":{"line":27,"column":9}},{"start":{},"end":{}}],"line":25},"3":{"loc":{"start":{"line":40,"column":9},"end":{"line":42,"column":9}},"type":"if","locations":[{"start":{"line":40,"column":9},"end":{"line":42,"column":9}},{"start":{},"end":{}}],"line":40},"4":{"loc":{"start":{"line":59,"column":16},"end":{"line":59,"column":24}},"type":"default-arg","locations":[{"start":{"line":59,"column":23},"end":{"line":59,"column":24}}],"line":59},"5":{"loc":{"start":{"line":59,"column":26},"end":{"line":59,"column":36}},"type":"default-arg","locations":[{"start":{"line":59,"column":34},"end":{"line":59,"column":36}}],"line":59},"6":{"loc":{"start":{"line":59,"column":38},"end":{"line":59,"column":49}},"type":"default-arg","locations":[{"start":{"line":59,"column":47},"end":{"line":59,"column":49}}],"line":59},"7":{"loc":{"start":{"line":63,"column":8},"end":{"line":65,"column":9}},"type":"if","locations":[{"start":{"line":63,"column":8},"end":{"line":65,"column":9}},{"start":{},"end":{}}],"line":63},"8":{"loc":{"start":{"line":99,"column":8},"end":{"line":101,"column":9}},"type":"if","locations":[{"start":{"line":99,"column":8},"end":{"line":101,"column":9}},{"start":{},"end":{}}],"line":99},"9":{"loc":{"start":{"line":104,"column":8},"end":{"line":106,"column":9}},"type":"if","locations":[{"start":{"line":104,"column":8},"end":{"line":106,"column":9}},{"start":{},"end":{}}],"line":104},"10":{"loc":{"start":{"line":121,"column":8},"end":{"line":123,"column":9}},"type":"if","locations":[{"start":{"line":121,"column":8},"end":{"line":123,"column":9}},{"start":{},"end":{}}],"line":121},"11":{"loc":{"start":{"line":126,"column":8},"end":{"line":131,"column":9}},"type":"if","locations":[{"start":{"line":126,"column":8},"end":{"line":131,"column":9}},{"start":{},"end":{}}],"line":126},"12":{"loc":{"start":{"line":127,"column":12},"end":{"line":129,"column":13}},"type":"if","locations":[{"start":{"line":127,"column":12},"end":{"line":129,"column":13}},{"start":{},"end":{}}],"line":127},"13":{"loc":{"start":{"line":135,"column":8},"end":{"line":143,"column":9}},"type":"if","locations":[{"start":{"line":135,"column":8},"end":{"line":143,"column":9}},{"start":{},"end":{}}],"line":135},"14":{"loc":{"start":{"line":136,"column":12},"end":{"line":141,"column":13}},"type":"if","locations":[{"start":{"line":136,"column":12},"end":{"line":141,"column":13}},{"start":{},"end":{}}],"line":136},"15":{"loc":{"start":{"line":138,"column":16},"end":{"line":140,"column":17}},"type":"if","locations":[{"start":{"line":138,"column":16},"end":{"line":140,"column":17}},{"start":{},"end":{}}],"line":138},"16":{"loc":{"start":{"line":163,"column":8},"end":{"line":165,"column":9}},"type":"if","locations":[{"start":{"line":163,"column":8},"end":{"line":165,"column":9}},{"start":{},"end":{}}],"line":163},"17":{"loc":{"start":{"line":168,"column":8},"end":{"line":170,"column":9}},"type":"if","locations":[{"start":{"line":168,"column":8},"end":{"line":170,"column":9}},{"start":{},"end":{}}],"line":168},"18":{"loc":{"start":{"line":175,"column":8},"end":{"line":180,"column":9}},"type":"if","locations":[{"start":{"line":175,"column":8},"end":{"line":180,"column":9}},{"start":{},"end":{}}],"line":175},"19":{"loc":{"start":{"line":177,"column":12},"end":{"line":179,"column":13}},"type":"if","locations":[{"start":{"line":177,"column":12},"end":{"line":179,"column":13}},{"start":{},"end":{}}],"line":177}},"s":{"0":9,"1":9,"2":9,"3":9,"4":9,"5":0,"6":0,"7":0,"8":0,"9":0,"10":0,"11":9,"12":0,"13":0,"14":0,"15":0,"16":0,"17":0,"18":0,"19":0,"20":0,"21":0,"22":0,"23":0,"24":9,"25":0,"26":0,"27":0,"28":0,"29":0,"30":0,"31":0,"32":0,"33":0,"34":0,"35":0,"36":0,"37":9,"38":0,"39":0,"40":0,"41":0,"42":0,"43":0,"44":0,"45":0,"46":0,"47":0,"48":9,"49":0,"50":0,"51":0,"52":0,"53":0,"54":0,"55":0,"56":0,"57":0,"58":0,"59":0,"60":0,"61":0,"62":0,"63":0,"64":0,"65":0,"66":0,"67":0,"68":0,"69":0,"70":0,"71":9,"72":0,"73":0,"74":0,"75":0,"76":0,"77":0,"78":0,"79":0,"80":0,"81":0,"82":0,"83":0,"84":0,"85":0,"86":0},"f":{"0":0,"1":0,"2":0,"3":0,"4":0,"5":0},"b":{"0":[0,0],"1":[0,0],"2":[0,0],"3":[0,0],"4":[0],"5":[0],"6":[0],"7":[0,0],"8":[0,0],"9":[0,0],"10":[0,0],"11":[0,0],"12":[0,0],"13":[0,0],"14":[0,0],"15":[0,0],"16":[0,0],"17":[0,0],"18":[0,0],"19":[0,0]},"_coverageSchema":"1a1c01bbd47fc00a2c39e90264f33305004495a9","hash":"08fbe82736ed08f39df73115be2aba074d136916"}
,"/Users/binodlamichhane/Documents/developer/HisabKitab Web/hisab_kitab_api/controllers/purchaseController.js": {"path":"/Users/binodlamichhane/Documents/developer/HisabKitab Web/hisab_kitab_api/controllers/purchaseController.js","statementMap":{"0":{"start":{"line":1,"column":17},"end":{"line":1,"column":36}},"1":{"start":{"line":2,"column":17},"end":{"line":2,"column":46}},"2":{"start":{"line":3,"column":16},"end":{"line":3,"column":44}},"3":{"start":{"line":4,"column":17},"end":{"line":4,"column":46}},"4":{"start":{"line":5,"column":13},"end":{"line":5,"column":38}},"5":{"start":{"line":6,"column":20},"end":{"line":6,"column":52}},"6":{"start":{"line":8,"column":24},"end":{"line":13,"column":1}},"7":{"start":{"line":9,"column":17},"end":{"line":9,"column":44}},"8":{"start":{"line":10,"column":4},"end":{"line":10,"column":64}},"9":{"start":{"line":10,"column":15},"end":{"line":10,"column":64}},"10":{"start":{"line":11,"column":4},"end":{"line":11,"column":116}},"11":{"start":{"line":11,"column":53},"end":{"line":11,"column":116}},"12":{"start":{"line":12,"column":4},"end":{"line":12,"column":20}},"13":{"start":{"line":16,"column":0},"end":{"line":111,"column":2}},"14":{"start":{"line":17,"column":97},"end":{"line":17,"column":105}},"15":{"start":{"line":18,"column":19},"end":{"line":18,"column":31}},"16":{"start":{"line":20,"column":20},"end":{"line":20,"column":49}},"17":{"start":{"line":21,"column":4},"end":{"line":21,"column":31}},"18":{"start":{"line":23,"column":4},"end":{"line":110,"column":5}},"19":{"start":{"line":24,"column":34},"end":{"line":24,"column":71}},"20":{"start":{"line":25,"column":8},"end":{"line":28,"column":9}},"21":{"start":{"line":26,"column":12},"end":{"line":26,"column":45}},"22":{"start":{"line":27,"column":12},"end":{"line":27,"column":79}},"23":{"start":{"line":30,"column":23},"end":{"line":30,"column":27}},"24":{"start":{"line":31,"column":31},"end":{"line":31,"column":42}},"25":{"start":{"line":33,"column":8},"end":{"line":38,"column":9}},"26":{"start":{"line":34,"column":12},"end":{"line":34,"column":76}},"27":{"start":{"line":35,"column":12},"end":{"line":37,"column":13}},"28":{"start":{"line":36,"column":16},"end":{"line":36,"column":67}},"29":{"start":{"line":40,"column":31},"end":{"line":40,"column":33}},"30":{"start":{"line":41,"column":8},"end":{"line":56,"column":12}},"31":{"start":{"line":42,"column":28},"end":{"line":42,"column":83}},"32":{"start":{"line":43,"column":12},"end":{"line":43,"column":90}},"33":{"start":{"line":43,"column":26},"end":{"line":43,"column":90}},"34":{"start":{"line":44,"column":12},"end":{"line":44,"column":127}},"35":{"start":{"line":44,"column":54},"end":{"line":44,"column":127}},"36":{"start":{"line":46,"column":12},"end":{"line":46,"column":46}},"37":{"start":{"line":47,"column":12},"end":{"line":47,"column":50}},"38":{"start":{"line":48,"column":12},"end":{"line":48,"column":44}},"39":{"start":{"line":50,"column":12},"end":{"line":55,"column":15}},"40":{"start":{"line":58,"column":32},"end":{"line":69,"column":9}},"41":{"start":{"line":71,"column":28},"end":{"line":71,"column":57}},"42":{"start":{"line":72,"column":8},"end":{"line":72,"column":44}},"43":{"start":{"line":74,"column":8},"end":{"line":82,"column":9}},"44":{"start":{"line":75,"column":12},"end":{"line":75,"column":61}},"45":{"start":{"line":76,"column":12},"end":{"line":76,"column":60}},"46":{"start":{"line":77,"column":12},"end":{"line":77,"column":45}},"47":{"start":{"line":79,"column":12},"end":{"line":81,"column":13}},"48":{"start":{"line":80,"column":16},"end":{"line":80,"column":72}},"49":{"start":{"line":84,"column":8},"end":{"line":96,"column":9}},"50":{"start":{"line":85,"column":36},"end":{"line":94,"column":13}},"51":{"start":{"line":95,"column":12},"end":{"line":95,"column":69}},"52":{"start":{"line":98,"column":8},"end":{"line":98,"column":42}},"53":{"start":{"line":99,"column":8},"end":{"line":103,"column":11}},"54":{"start":{"line":106,"column":8},"end":{"line":106,"column":41}},"55":{"start":{"line":107,"column":8},"end":{"line":107,"column":73}},"56":{"start":{"line":109,"column":8},"end":{"line":109,"column":29}},"57":{"start":{"line":113,"column":0},"end":{"line":145,"column":2}},"58":{"start":{"line":114,"column":4},"end":{"line":144,"column":5}},"59":{"start":{"line":115,"column":88},"end":{"line":115,"column":97}},"60":{"start":{"line":117,"column":34},"end":{"line":117,"column":77}},"61":{"start":{"line":118,"column":8},"end":{"line":118,"column":86}},"62":{"start":{"line":118,"column":19},"end":{"line":118,"column":86}},"63":{"start":{"line":120,"column":22},"end":{"line":120,"column":38}},"64":{"start":{"line":121,"column":8},"end":{"line":121,"column":73}},"65":{"start":{"line":121,"column":20},"end":{"line":121,"column":73}},"66":{"start":{"line":122,"column":8},"end":{"line":122,"column":52}},"67":{"start":{"line":122,"column":24},"end":{"line":122,"column":52}},"68":{"start":{"line":123,"column":8},"end":{"line":123,"column":74}},"69":{"start":{"line":123,"column":26},"end":{"line":123,"column":74}},"70":{"start":{"line":125,"column":26},"end":{"line":129,"column":33}},"71":{"start":{"line":131,"column":31},"end":{"line":131,"column":67}},"72":{"start":{"line":133,"column":8},"end":{"line":141,"column":11}},"73":{"start":{"line":143,"column":8},"end":{"line":143,"column":92}},"74":{"start":{"line":147,"column":0},"end":{"line":177,"column":2}},"75":{"start":{"line":148,"column":4},"end":{"line":176,"column":5}},"76":{"start":{"line":149,"column":23},"end":{"line":149,"column":33}},"77":{"start":{"line":150,"column":23},"end":{"line":150,"column":35}},"78":{"start":{"line":152,"column":25},"end":{"line":155,"column":49}},"79":{"start":{"line":157,"column":8},"end":{"line":159,"column":9}},"80":{"start":{"line":158,"column":12},"end":{"line":158,"column":92}},"81":{"start":{"line":161,"column":34},"end":{"line":161,"column":78}},"82":{"start":{"line":162,"column":8},"end":{"line":164,"column":9}},"83":{"start":{"line":163,"column":12},"end":{"line":163,"column":79}},"84":{"start":{"line":166,"column":8},"end":{"line":169,"column":11}},"85":{"start":{"line":172,"column":8},"end":{"line":174,"column":9}},"86":{"start":{"line":173,"column":13},"end":{"line":173,"column":118}},"87":{"start":{"line":175,"column":8},"end":{"line":175,"column":92}},"88":{"start":{"line":180,"column":0},"end":{"line":232,"column":2}},"89":{"start":{"line":181,"column":19},"end":{"line":181,"column":29}},"90":{"start":{"line":182,"column":42},"end":{"line":182,"column":50}},"91":{"start":{"line":183,"column":19},"end":{"line":183,"column":31}},"92":{"start":{"line":185,"column":4},"end":{"line":187,"column":5}},"93":{"start":{"line":186,"column":8},"end":{"line":186,"column":113}},"94":{"start":{"line":189,"column":20},"end":{"line":189,"column":49}},"95":{"start":{"line":190,"column":4},"end":{"line":190,"column":31}},"96":{"start":{"line":192,"column":4},"end":{"line":231,"column":5}},"97":{"start":{"line":193,"column":25},"end":{"line":193,"column":69}},"98":{"start":{"line":194,"column":8},"end":{"line":194,"column":62}},"99":{"start":{"line":194,"column":23},"end":{"line":194,"column":62}},"100":{"start":{"line":195,"column":8},"end":{"line":195,"column":120}},"101":{"start":{"line":195,"column":46},"end":{"line":195,"column":120}},"102":{"start":{"line":196,"column":8},"end":{"line":196,"column":103}},"103":{"start":{"line":196,"column":47},"end":{"line":196,"column":103}},"104":{"start":{"line":198,"column":26},"end":{"line":198,"column":70}},"105":{"start":{"line":199,"column":8},"end":{"line":199,"column":60}},"106":{"start":{"line":199,"column":19},"end":{"line":199,"column":60}},"107":{"start":{"line":201,"column":25},"end":{"line":201,"column":84}},"108":{"start":{
[...]
,"/Users/binodlamichhane/Documents/developer/HisabKitab Web/hisab_kitab_api/routes/botRoutes.js": {"path":"/Users/binodlamichhane/Documents/developer/HisabKitab Web/hisab_kitab_api/routes/botRoutes.js","statementMap":{"0":{"start":{"line":1,"column":16},"end":{"line":1,"column":34}},"1":{"start":{"line":2,"column":27},"end":{"line":2,"column":66}},"2":{"start":{"line":3,"column":20},"end":{"line":3,"column":60}},"3":{"start":{"line":5,"column":15},"end":{"line":5,"column":31}},"4":{"start":{"line":6,"column":0},"end":{"line":6,"column":48}},"5":{"start":{"line":7,"column":0},"end":{"line":7,"column":24}}},"fnMap":{},"branchMap":{},"s":{"0":9,"1":9,"2":9,"3":9,"4":9,"5":9},"f":{},"b":{},"_coverageSchema":"1a1c01bbd47fc00a2c39e90264f33305004495a9","hash":"d08e6a4cd5045242e65581e905abb23d7d23c160"}
,"/Users/binodlamichhane/Documents/developer/HisabKitab Web/hisab_kitab_api/routes/cashRoutes.js": {"path":"/Users/binodlamichhane/Documents/developer/HisabKitab Web/hisab_kitab_api/routes/cashRoutes.js","statementMap":{"0":{"start":{"line":1,"column":16},"end":{"line":1,"column":34}},"1":{"start":{"line":2,"column":20},"end":{"line":2,"column":60}},"2":{"start":{"line":3,"column":40},"end":{"line":3,"column":80}},"3":{"start":{"line":4,"column":15},"end":{"line":4,"column":31}},"4":{"start":{"line":6,"column":0},"end":{"line":10,"column":1}},"5":{"start":{"line":12,"column":0},"end":{"line":16,"column":1}},"6":{"start":{"line":18,"column":0},"end":{"line":18,"column":23}}},"fnMap":{},"branchMap":{},"s":{"0":9,"1":9,"2":9,"3":9,"4":9,"5":9,"6":9},"f":{},"b":{},"_coverageSchema":"1a1c01bbd47fc00a2c39e90264f33305004495a9","hash":"22e81930b3c2df714d5dbd9e3d521dff30dd0df2"}
,"/Users/binodlamichhane/Documents/developer/HisabKitab Web/hisab_kitab_api/routes/customerRoutes.js": {"path":"/Users/binodlamichhane/Documents/developer/HisabKitab Web/hisab_kitab_api/routes/customerRoutes.js","statementMap":{"0":{"start":{"line":1,"column":16},"end":{"line":1,"column":34}},"1":{"start":{"line":2,"column":20},"end":{"line":2,"column":60}},"2":{"start":{"line":3,"column":93},"end":{"line":3,"column":137}},"3":{"start":{"line":4,"column":15},"end":{"line":4,"column":31}},"4":{"start":{"line":6,"column":0},"end":{"line":10,"column":1}},"5":{"start":{"line":12,"column":0},"end":{"line":16,"column":1}},"6":{"start":{"line":18,"column":0},"end":{"line":22,"column":1}},"7":{"start":{"line":24,"column":0},"end":{"line":28,"column":1}},"8":{"start":{"line":30,"column":0},"end":{"line":34,"column":1}},"9":{"start":{"line":36,"column":0},"end":{"line":36,"column":23}}},"fnMap":{},"branchMap":{},"s":{"0":9,"1":9,"2":9,"3":9,"4":9,"5":9,"6":9,"7":9,"8":9,"9":9},"f":{},"b":{},"_coverageSchema":"1a1c01bbd47fc00a2c39e90264f33305004495a9","hash":"591e91ba27068bac340d78ca28d9aa686a34deb4"}
,"/Users/binodlamichhane/Documents/developer/HisabKitab Web/hisab_kitab_api/routes/dashboardRoutes.js": {"path":"/Users/binodlamichhane/Documents/developer/HisabKitab Web/hisab_kitab_api/routes/dashboardRoutes.js","statementMap":{"0":{"start":{"line":1,"column":16},"end":{"line":1,"column":34}},"1":{"start":{"line":2,"column":20},"end":{"line":2,"column":60}},"2":{"start":{"line":3,"column":44},"end":{"line":3,"column":89}},"3":{"start":{"line":4,"column":15},"end":{"line":4,"column":31}},"4":{"start":{"line":5,"column":0},"end":{"line":9,"column":1}},"5":{"start":{"line":11,"column":0},"end":{"line":15,"column":1}},"6":{"start":{"line":16,"column":0},"end":{"line":16,"column":23}}},"fnMap":{},"branchMap":{},"s":{"0":9,"1":9,"2":9,"3":9,"4":9,"5":9,"6":9},"f":{},"b":{},"_coverageSchema":"1a1c01bbd47fc00a2c39e90264f33305004495a9","hash":"3a2b1ce8d90b42984f6fb970e3e1fa3e224d5d2c"}
,"/Users/binodlamichhane/Documents/developer/HisabKitab Web/hisab_kitab_api/routes/notificationRoutes.js": {"path":"/Users/binodlamichhane/Documents/developer/HisabKitab Web/hisab_kitab_api/routes/notificationRoutes.js","statementMap":{"0":{"start":{"line":1,"column":16},"end":{"line":1,"column":34}},"1":{"start":{"line":2,"column":15},"end":{"line":2,"column":31}},"2":{"start":{"line":3,"column":56},"end":{"line":3,"column":104}},"3":{"start":{"line":4,"column":20},"end":{"line":4,"column":60}},"4":{"start":{"line":6,"column":0},"end":{"line":6,"column":43}},"5":{"start":{"line":8,"column":0},"end":{"line":8,"column":45}},"6":{"start":{"line":10,"column":0},"end":{"line":10,"column":48}},"7":{"start":{"line":12,"column":0},"end":{"line":12,"column":24}}},"fnMap":{},"branchMap":{},"s":{"0":9,"1":9,"2":9,"3":9,"4":9,"5":9,"6":9,"7":9},"f":{},"b":{},"_coverageSchema":"1a1c01bbd47fc00a2c39e90264f33305004495a9","hash":"07e42810737f934bfa7de11eba5903da264b7098"}
,"/Users/binodlamichhane/Documents/developer/HisabKitab Web/hisab_kitab_api/routes/paymentRoutes.js": {"path":"/Users/binodlamichhane/Documents/developer/HisabKitab Web/hisab_kitab_api/routes/paymentRoutes.js","statementMap":{"0":{"start":{"line":1,"column":16},"end":{"line":1,"column":34}},"1":{"start":{"line":2,"column":66},"end":{"line":2,"column":109}},"2":{"start":{"line":3,"column":20},"end":{"line":3,"column":60}},"3":{"start":{"line":5,"column":15},"end":{"line":5,"column":31}},"4":{"start":{"line":8,"column":0},"end":{"line":8,"column":75}},"5":{"start":{"line":9,"column":0},"end":{"line":9,"column":71}},"6":{"start":{"line":11,"column":0},"end":{"line":11,"column":24}}},"fnMap":{},"branchMap":{},"s":{"0":9,"1":9,"2":9,"3":9,"4":9,"5":9,"6":9},"f":{},"b":{},"_coverageSchema":"1a1c01bbd47fc00a2c39e90264f33305004495a9","hash":"04fd9b865b4a35617b51c8446d86f9df6bc71c60"}
,"/Users/binodlamichhane/Documents/developer/HisabKitab Web/hisab_kitab_api/routes/productRoutes.js": {"path":"/Users/binodlamichhane/Documents/developer/HisabKitab Web/hisab_kitab_api/routes/productRoutes.js","statementMap":{"0":{"start":{"line":1,"column":16},"end":{"line":1,"column":34}},"1":{"start":{"line":2,"column":20},"end":{"line":2,"column":60}},"2":{"start":{"line":3,"column":88},"end":{"line":3,"column":131}},"3":{"start":{"line":4,"column":15},"end":{"line":4,"column":47}},"4":{"start":{"line":5,"column":15},"end":{"line":5,"column":31}},"5":{"start":{"line":7,"column":0},"end":{"line":12,"column":1}},"6":{"start":{"line":14,"column":0},"end":{"line":18,"column":1}},"7":{"start":{"line":20,"column":0},"end":{"line":24,"column":1}},"8":{"start":{"line":26,"column":0},"end":{"line":31,"column":1}},"9":{"start":{"line":33,"column":0},"end":{"line":37,"column":1}},"10":{"start":{"line":39,"column":0},"end":{"line":39,"column":23}}},"fnMap":{},"branchMap":{},"s":{"0":9,"1":9,"2":9,"3":9,"4":9,"5":9,"6":9,"7":9,"8":9,"9":9,"10":9},"f":{},"b":{},"_coverageSchema":"1a1c01bbd47fc00a2c39e90264f33305004495a9","hash":"115cfd0a09310e49c3ad935e91724649f3c05474"}
,"/Users/binodlamichhane/Documents/developer/HisabKitab Web/hisab_kitab_api/routes/purchaseRoutes.js": {"path":"/Users/binodlamichhane/Documents/developer/HisabKitab Web/hisab_kitab_api/routes/purchaseRoutes.js","statementMap":{"0":{"start":{"line":1,"column":16},"end":{"line":1,"column":34}},"1":{"start":{"line":3,"column":20},"end":{"line":3,"column":60}},"2":{"start":{"line":4,"column":100},"end":{"line":4,"column":144}},"3":{"start":{"line":6,"column":15},"end":{"line":6,"column":31}},"4":{"start":{"line":8,"column":0},"end":{"line":12,"column":1}},"5":{"start":{"line":14,"column":0},"end":{"line":18,"column":1}},"6":{"start":{"line":19,"column":0},"end":{"line":19,"column":42}},"7":{"start":{"line":20,"column":0},"end":{"line":20,"column":50}},"8":{"start":{"line":21,"column":0},"end":{"line":21,"column":61}},"9":{"start":{"line":24,"column":0},"end":{"line":24,"column":24}}},"fnMap":{},"branchMap":{},"s":{"0":9,"1":9,"2":9,"3":9,"4":9,"5":9,"6":9,"7":9,"8":9,"9":9},"f":{},"b":{},"_coverageSchema":"1a1c01bbd47fc00a2c39e90264f33305004495a9","hash":"a16b2f5cc4c43ff7dda93a2cb85d2ac596955dd5"}
,"/Users/binodlamichhane/Documents/developer/HisabKitab Web/hisab_kitab_api/routes/saleRoutes.js": {"path":"/Users/binodlamichhane/Documents/developer/HisabKitab Web/hisab_kitab_api/routes/saleRoutes.js","statementMap":{"0":{"start":{"line":1,"column":16},"end":{"line":1,"column":34}},"1":{"start":{"line":9,"column":4},"end":{"line":9,"column":44}},"2":{"start":{"line":10,"column":20},"end":{"line":10,"column":60}},"3":{"start":{"line":12,"column":15},"end":{"line":12,"column":31}},"4":{"start":{"line":14,"column":0},"end":{"line":18,"column":1}},"5":{"start":{"line":20,"column":0},"end":{"line":24,"column":1}},"6":{"start":{"line":25,"column":0},"end":{"line":25,"column":38}},"7":{"start":{"line":26,"column":0},"end":{"line":26,"column":46}},"8":{"start":{"line":27,"column":0},"end":{"line":27,"column":57}},"9":{"start":{"line":30,"column":0},"end":{"line":30,"column":24}}},"fnMap":{},"branchMap":{},"s":{"0":9,"1":9,"2":9,"3":9,"4":9,"5":9,"6":9,"7":9,"8":9,"9":9},"f":{},"b":{},"_coverageSchema":"1a1c01bbd47fc00a2c39e90264f33305004495a9","hash":"abaf3ca8567f14d2b19a257421aa83f039cf5e43"}
,"/Users/binodlamichhane/Documents/developer/HisabKitab Web/hisab_kitab_api/routes/shopRoutes.js": {"path":"/Users/binodlamichhane/Documents/developer/HisabKitab Web/hisab_kitab_api/routes/shopRoutes.js","statementMap":{"0":{"start":{"line":1,"column":16},"end":{"line":1,"column":34}},"1":{"start":{"line":2,"column":20},"end":{"line":2,"column":60}},"2":{"start":{"line":3,"column":70},"end":{"line":3,"column":110}},"3":{"start":{"line":4,"column":23},"end":{"line":4,"column":63}},"4":{"start":{"line":5,"column":28},"end":{"line":5,"column":68}},"5":{"start":{"line":6,"column":15},"end":{"line":6,"column":31}},"6":{"start":{"line":8,"column":0},"end":{"line":12,"column":1}},"7":{"start":{"line":14,"column":0},"end":{"line":18,"column":1}},"8":{"start":{"line":20,"column":0},"end":{"line":24,"column":1}},"9":{"start":{"line":26,"column":0},"end":{"line":30,"column":1}},"10":{"start":{"line":32,"column":0},"end":{"line":36,"column":1}},"11":{"start":{"line":38,"column":0},"end":{"line":42,"column":2}},"12":{"start":{"line":46,"column":0},"end":{"line":46,"column":23}}},"fnMap":{},"branchMap":{},"s":{"0":9,"1":9,"2":9,"3":9,"4":9,"5":9,"6":9,"7":9,"8":9,"9":9,"10":9,"11":9,"12":9},"f":{},"b":{},"_coverageSchema":"1a1c01bbd47fc00a2c39e90264f33305004495a9","hash":"e0aca4b998f77069e46af471e166414145593b5f"}
,"/Users/binodlamichhane/Documents/developer/HisabKitab Web/hisab_kitab_api/routes/supplierRoutes.js": {"path":"/Users/binodlamichhane/Documents/developer/HisabKitab Web/hisab_kitab_api/routes/supplierRoutes.js","statementMap":{"0":{"start":{"line":1,"column":16},"end":{"line":1,"column":34}},"1":{"start":{"line":2,"column":20},"end":{"line":2,"column":60}},"2":{"start":{"line":3,"column":93},"end":{"line":3,"column":137}},"3":{"start":{"line":4,"column":15},"end":{"line":4,"column":31}},"4":{"start":{"line":6,"column":0},"end":{"line":10,"column":1}},"5":{"start":{"line":12,"column":0},"end":{"line":16,"column":1}},"6":{"start":{"line":18,"column":0},"end":{"line":22,"column":1}},"7":{"start":{"line":24,"column":0},"end":{"line":28,"column":1}},"8":{"start":{"line":30,"column":0},"end":{"line":34,"column":1}},"9":{"start":{"line":36,"column":0},"end":{"line":36,"column":23}}},"fnMap":{},"branchMap":{},"s":{"0":9,"1":9,"2":9,"3":9,"4":9,"5":9,"6":9,"7":9,"8":9,"9":9},"f":{},"b":{},"_coverageSchema":"1a1c01bbd47fc00a2c39e90264f33305004495a9","hash":"493529136b01dcbef1c07b511362faf1dcc31d0f"}
,"/Users/binodlamichhane/Documents/developer/HisabKitab Web/hisab_kitab_api/routes/transactionRoutes.js": {"path":"/Users/binodlamichhane/Documents/developer/HisabKitab Web/hisab_kitab_api/routes/transactionRoutes.js","statementMap":{"0":{"start":{"line":1,"column":16},"end":{"line":1,"column":34}},"1":{"start":{"line":2,"column":20},"end":{"line":2,"column":60}},"2":{"start":{"line":3,"column":67},"end":{"line":3,"column":114}},"3":{"start":{"line":4,"column":15},"end":{"line":4,"column":31}},"4":{"start":{"line":6,"column":0},"end":{"line":10,"column":1}},"5":{"start":{"line":12,"column":0},"end":{"line":16,"column":1}},"6":{"start":{"line":18,"column":0},"end":{"line":22,"column":1}},"7":{"start":{"line":24,"column":0},"end":{"line":24,"column":24}}},"fnMap":{},"branchMap":{},"s":{"0":9,"1":9,"2":9,"3":9,"4":9,"5":9,"6":9,"7":9},"f":{},"b":{},"_coverageSchema":"1a1c01bbd47fc00a2c39e90264f33305004495a9","hash":"fc042d36b986005a6f29abb464010f41c31f0bab"}
,"/Users/binodlamichhane/Documents/developer/HisabKitab Web/hisab_kitab_api/routes/userRoutes.js": {"path":"/Users/binodlamichhane/Documents/developer/HisabKitab Web/hisab_kitab_api/routes/userRoutes.js","statementMap":{"0":{"start":{"line":1,"column":16},"end":{"line":1,"column":34}},"1":{"start":{"line":2,"column":152},"end":{"line":2,"column":192}},"2":{"start":{"line":3,"column":48},"end":{"line":3,"column":85}},"3":{"start":{"line":4,"column":17},"end":{"line":4,"column":51}},"4":{"start":{"line":5,"column":21},"end":{"line":5,"column":59}},"5":{"start":{"line":6,"column":20},"end":{"line":6,"column":60}},"6":{"start":{"line":7,"column":15},"end":{"line":7,"column":47}},"7":{"start":{"line":8,"column":15},"end":{"line":8,"column":31}},"8":{"start":{"line":10,"column":0},"end":{"line":15,"column":1}},"9":{"start":{"line":17,"column":24},"end":{"line":20,"column":1}},"10":{"start":{"line":22,"column":0},"end":{"line":24,"column":1}},"11":{"start":{"line":23,"column":4},"end":{"line":23,"column":42}},"12":{"start":{"line":26,"column":0},"end":{"line":30,"column":2}},"13":{"start":{"line":31,"column":0},"end":{"line":35,"column":1}},"14":{"start":{"line":37,"column":0},"end":{"line":41,"column":2}},"15":{"start":{"line":43,"column":0},"end":{"line":48,"column":2}},"16":{"start":{"line":50,"column":0},"end":{"line":54,"column":2}},"17":{"start":{"line":56,"column":0},"end":{"line":60,"column":1}},"18":{"start":{"line":62,"column":0},"end":{"line":67,"column":1}},"19":{"start":{"line":68,"column":0},"end":{"line":71,"column":2}},"20":{"start":{"line":74,"column":0},"end":{"line":74,"column":23}}},"fnMap":{},"branchMap":{"0":{"loc":{"start":{"line":22,"column":0},"end":{"line":24,"column":1}},"type":"if","locations":[{"start":{"line":22,"column":0},"end":{"line":24,"column":1}},{"start":{},"end":{}}],"line":22}},"s":{"0":9,"1":9,"2":9,"3":9,"4":9,"5":9,"6":9,"7":9,"8":9,"9":9,"10":9,"11":0,"12":9,"13":9,"14":9,"15":9,"16":9,"17":9,"18":9,"19":9,"20":9},"f":{},"b":{"0":[0,9]},"_coverageSchema":"1a1c01bbd47fc00a2c39e90264f33305004495a9","hash":"4ece668da7bff72d1ebdfc41278492e03ec581c8"}
,"/Users/binodlamichhane/Documents/developer/HisabKitab Web/hisab_kitab_api/routes/admin/adminRoutes.js": {"path":"/Users/binodlamichhane/Documents/developer/HisabKitab Web/hisab_kitab_api/routes/admin/adminRoutes.js","statementMap":{"0":{"start":{"line":1,"column":16},"end":{"line":1,"column":34}},"1":{"start":{"line":2,"column":18},"end":{"line":2,"column":42}},"2":{"start":{"line":3,"column":105},"end":{"line":3,"column":154}},"3":{"start":{"line":4,"column":31},"end":{"line":4,"column":71}},"4":{"start":{"line":5,"column":17},"end":{"line":5,"column":54}},"5":{"start":{"line":6,"column":31},"end":{"line":6,"column":74}},"6":{"start":{"line":7,"column":15},"end":{"line":7,"column":31}},"7":{"start":{"line":9,"column":0},"end":{"line":16,"column":1}},"8":{"start":{"line":18,"column":0},"end":{"line":23,"column":1}},"9":{"start":{"line":25,"column":0},"end":{"line":30,"column":1}},"10":{"start":{"line":32,"column":0},"end":{"line":37,"column":1}},"11":{"start":{"line":39,"column":0},"end":{"line":44,"column":1}},"12":{"start":{"line":46,"column":0},"end":{"line":51,"column":1}},"13":{"start":{"line":53,"column":0},"end":{"line":53,"column":23}}},"fnMap":{},"branchMap":{},"s":{"0":9,"1":9,"2":9,"3":9,"4":9,"5":9,"6":9,"7":9,"8":9,"9":9,"10":9,"11":9,"12":9,"13":9},"f":{},"b":{},"_coverageSchema":"1a1c01bbd47fc00a2c39e90264f33305004495a9","hash":"810b58f9201295755d57dd6575ee2edc63370ea3"}
,"/Users/binodlamichhane/Documents/developer/HisabKitab Web/hisab_kitab_api/routes/admin/systemLogRoutes.js": {"path":"/Users/binodlamichhane/Documents/developer/HisabKitab Web/hisab_kitab_api/routes/admin/systemLogRoutes.js","statementMap":{"0":{"start":{"line":1,"column":16},"end":{"line":1,"column":34}},"1":{"start":{"line":2,"column":20},"end":{"line":2,"column":74}},"2":{"start":{"line":3,"column":31},"end":{"line":3,"column":74}},"3":{"start":{"line":4,"column":15},"end":{"line":4,"column":31}},"4":{"start":{"line":6,"column":0},"end":{"line":11,"column":1}},"5":{"start":{"line":13,"column":0},"end":{"line":13,"column":23}}},"fnMap":{},"branchMap":{},"s":{"0":9,"1":9,"2":9,"3":9,"4":9,"5":9},"f":{},"b":{},"_coverageSchema":"1a1c01bbd47fc00a2c39e90264f33305004495a9","hash":"e553defb3580c64ad7f272878a7032f7ceee9eef"}
,"/Users/binodlamichhane/Documents/developer/HisabKitab Web/hisab_kitab_api/utils/logger.js": {"path":"/Users/binodlamichhane/Documents/developer/HisabKitab Web/hisab_kitab_api/utils/logger.js","statementMap":{"0":{"start":{"line":1,"column":45},"end":{"line":1,"column":63}},"1":{"start":{"line":2,"column":0},"end":{"line":2,"column":27}},"2":{"start":{"line":4,"column":15},"end":{"line":27,"column":2}},"3":{"start":{"line":29,"column":0},"end":{"line":29,"column":24}}},"fnMap":{},"branchMap":{},"s":{"0":9,"1":9,"2":9,"3":9},"f":{},"b":{},"_coverageSchema":"1a1c01bbd47fc00a2c39e90264f33305004495a9","hash":"911300cf78f5f68bb4501c14883dbee9ec5c8a1d"}
,"/Users/binodlamichhane/Documents/developer/HisabKitab Web/hisab_kitab_api/utils/verifyShopOwner.js": {"path":"/Users/binodlamichhane/Documents/developer/HisabKitab Web/hisab_kitab_api/utils/verifyShopOwner.js","statementMap":{"0":{"start":{"line":1,"column":30},"end":{"line":1,"column":49}},"1":{"start":{"line":2,"column":13},"end":{"line":2,"column":38}},"2":{"start":{"line":4,"column":0},"end":{"line":13,"column":2}},"3":{"start":{"line":5,"column":17},"end":{"line":5,"column":44}},"4":{"start":{"line":6,"column":4},"end":{"line":8,"column":5}},"5":{"start":{"line":7,"column":8},"end":{"line":7,"column":57}},"6":{"start":{"line":9,"column":4},"end":{"line":11,"column":5}},"7":{"start":{"line":10,"column":8},"end":{"line":10,"column":86}},"8":{"start":{"line":12,"column":4},"end":{"line":12,"column":20}}},"fnMap":{"0":{"name":"(anonymous_0)","decl":{"start":{"line":4,"column":26},"end":{"line":4,"column":27}},"loc":{"start":{"line":4,"column":52},"end":{"line":13,"column":1}},"line":4}},"branchMap":{"0":{"loc":{"start":{"line":6,"column":4},"end":{"line":8,"column":5}},"type":"if","locations":[{"start":{"line":6,"column":4},"end":{"line":8,"column":5}},{"start":{},"end":{}}],"line":6},"1":{"loc":{"start":{"line":9,"column":4},"end":{"line":11,"column":5}},"type":"if","locations":[{"start":{"line":9,"column":4},"end":{"line":11,"column":5}},{"start":{},"end":{}}],"line":9}},"s":{"0":7,"1":7,"2":7,"3":0,"4":0,"5":0,"6":0,"7":0,"8":0},"f":{"0":0},"b":{"0":[0,0],"1":[0,0]},"_coverageSchema":"1a1c01bbd47fc00a2c39e90264f33305004495a9","hash":"4bfbac5ecb5ca2ef3bf21106bbbe38b6b466ae80"}
}
