TN:
SF:controllers/authController.js
FN:8,(anonymous_0)
FN:44,(anonymous_1)
FN:90,(anonymous_2)
FN:130,(anonymous_3)
FN:154,(anonymous_4)
FN:194,(anonymous_5)
FN:224,(anonymous_6)
FN:260,(anonymous_7)
FN:277,(anonymous_8)
FN:285,(anonymous_9)
FN:315,(anonymous_10)
FN:330,(anonymous_11)
FN:338,(anonymous_12)
FNF:13
FNH:7
FNDA:60,(anonymous_0)
FNDA:57,(anonymous_1)
FNDA:55,(anonymous_2)
FNDA:0,(anonymous_3)
FNDA:1,(anonymous_4)
FNDA:1,(anonymous_5)
FNDA:2,(anonymous_6)
FNDA:1,(anonymous_7)
FNDA:0,(anonymous_8)
FNDA:0,(anonymous_9)
FNDA:0,(anonymous_10)
FNDA:0,(anonymous_11)
FNDA:0,(anonymous_12)
DA:1,9
DA:2,9
DA:3,9
DA:4,9
DA:5,9
DA:6,9
DA:8,9
DA:9,60
DA:12,60
DA:17,60
DA:18,0
DA:21,60
DA:22,60
DA:24,60
DA:44,9
DA:45,57
DA:46,57
DA:47,57
DA:48,57
DA:49,1
DA:55,56
DA:56,56
DA:57,0
DA:63,56
DA:64,56
DA:71,56
DA:73,56
DA:78,0
DA:90,9
DA:91,55
DA:92,55
DA:93,55
DA:99,55
DA:100,1
DA:106,54
DA:107,1
DA:113,53
DA:114,53
DA:115,1
DA:121,52
DA:122,52
DA:124,52
DA:125,8
DA:128,52
DA:129,52
DA:130,0
DA:131,0
DA:132,0
DA:134,0
DA:138,52
DA:142,8
DA:154,9
DA:156,1
DA:157,1
DA:172,1
DA:173,0
DA:176,1
DA:182,0
DA:194,9
DA:195,1
DA:196,1
DA:198,1
DA:199,1
DA:205,1
DA:211,0
DA:212,0
DA:224,9
DA:225,2
DA:226,2
DA:228,2
DA:229,2
DA:230,2
DA:232,2
DA:233,1
DA:239,1
DA:240,1
DA:241,1
DA:243,1
DA:248,0
DA:260,9
DA:261,1
DA:263,1
DA:264,1
DA:265,1
DA:270,0
DA:277,9
DA:278,0
DA:282,0
DA:285,9
DA:286,0
DA:288,0
DA:289,0
DA:290,0
DA:295,0
DA:296,0
DA:302,0
DA:308,0
DA:315,9
DA:316,0
DA:317,0
DA:319,0
DA:320,0
DA:326,0
DA:330,9
DA:332,0
DA:333,0
DA:335,0
DA:336,0
DA:338,0
DA:340,0
DA:341,0
DA:347,0
DA:348,0
DA:350,0
DA:352,0
DA:361,0
LF:116
LH:76
BRDA:17,0,0,0
BRDA:17,0,1,60
BRDA:32,1,0,0
BRDA:32,1,1,52
BRDA:48,2,0,1
BRDA:48,2,1,56
BRDA:56,3,0,0
BRDA:56,3,1,56
BRDA:99,4,0,1
BRDA:99,4,1,54
BRDA:106,5,0,1
BRDA:106,5,1,53
BRDA:114,6,0,1
BRDA:114,6,1,52
BRDA:124,7,0,8
BRDA:124,7,1,44
BRDA:129,8,0,0
BRDA:129,8,1,52
BRDA:129,9,0,52
BRDA:129,9,1,52
BRDA:131,10,0,0
BRDA:131,10,1,0
BRDA:172,11,0,0
BRDA:172,11,1,1
BRDA:232,12,0,1
BRDA:232,12,1,1
BRDA:289,13,0,0
BRDA:289,13,1,0
BRDA:319,14,0,0
BRDA:319,14,1,0
BRDA:340,15,0,0
BRDA:340,15,1,0
BRF:32
BRH:19
end_of_record
TN:
SF:controllers/botController.js
FN:16,(anonymous_0)
FN:42,(anonymous_1)
FN:66,(anonymous_2)
FNF:3
FNH:0
FNDA:0,(anonymous_0)
FNDA:0,(anonymous_1)
FNDA:0,(anonymous_2)
DA:1,9
DA:2,9
DA:3,9
DA:4,9
DA:5,9
DA:7,9
DA:11,9
DA:12,9
DA:13,9
DA:14,9
DA:16,9
DA:17,0
DA:18,0
DA:20,0
DA:22,0
DA:23,0
DA:25,0
DA:26,0
DA:27,0
DA:32,0
DA:33,0
DA:36,0
DA:41,0
DA:42,0
DA:44,0
DA:55,0
DA:66,0
DA:71,0
DA:72,0
DA:74,0
DA:77,0
DA:78,0
LF:32
LH:11
BRDA:17,0,0,0
BRDA:20,1,0,0
BRDA:20,1,1,0
BRDA:26,2,0,0
BRDA:26,2,1,0
BRDA:32,3,0,0
BRDA:32,3,1,0
BRDA:32,4,0,0
BRDA:32,4,1,0
BRF:9
BRH:0
end_of_record
TN:
SF:controllers/cashController.js
FN:9,(anonymous_0)
FN:86,(anonymous_1)
FNF:2
FNH:0
FNDA:0,(anonymous_0)
FNDA:0,(anonymous_1)
DA:1,9
DA:2,9
DA:3,9
DA:4,9
DA:5,9
DA:6,9
DA:7,9
DA:9,9
DA:10,0
DA:11,0
DA:13,0
DA:14,0
DA:17,0
DA:18,0
DA:20,0
DA:21,0
DA:22,0
DA:24,0
DA:25,0
DA:26,0
DA:28,0
DA:29,0
DA:32,0
DA:38,0
DA:40,0
DA:41,0
DA:42,0
DA:43,0
DA:44,0
DA:45,0
DA:46,0
DA:49,0
DA:50,0
DA:51,0
DA:54,0
DA:65,0
DA:66,0
DA:70,0
DA:72,0
DA:73,0
DA:79,0
DA:80,0
DA:82,0
DA:86,9
DA:87,0
DA:88,0
DA:90,0
DA:91,0
DA:94,0
DA:95,0
DA:97,0
DA:98,0
DA:99,0
DA:101,0
DA:102,0
DA:103,0
DA:105,0
DA:106,0
DA:109,0
DA:115,0
DA:117,0
DA:118,0
DA:119,0
DA:120,0
DA:121,0
DA:122,0
DA:123,0
DA:126,0
DA:127,0
DA:128,0
DA:130,0
DA:141,0
DA:142,0
DA:145,0
DA:147,0
DA:148,0
DA:154,0
DA:155,0
DA:157,0
LF:79
LH:9
BRDA:13,0,0,0
BRDA:13,0,1,0
BRDA:13,1,0,0
BRDA:13,1,1,0
BRDA:13,1,2,0
BRDA:22,2,0,0
BRDA:22,2,1,0
BRDA:25,3,0,0
BRDA:25,3,1,0
BRDA:25,4,0,0
BRDA:25,4,1,0
BRDA:28,5,0,0
BRDA:28,5,1,0
BRDA:41,6,0,0
BRDA:41,6,1,0
BRDA:60,7,0,0
BRDA:60,7,1,0
BRDA:65,8,0,0
BRDA:65,8,1,0
BRDA:65,9,0,0
BRDA:65,9,1,0
BRDA:90,10,0,0
BRDA:90,10,1,0
BRDA:90,11,0,0
BRDA:90,11,1,0
BRDA:90,11,2,0
BRDA:99,12,0,0
BRDA:99,12,1,0
BRDA:102,13,0,0
BRDA:102,13,1,0
BRDA:102,14,0,0
BRDA:102,14,1,0
BRDA:105,15,0,0
BRDA:105,15,1,0
BRDA:118,16,0,0
BRDA:118,16,1,0
BRDA:136,17,0,0
BRDA:136,17,1,0
BRDA:141,18,0,0
BRDA:141,18,1,0
BRDA:141,19,0,0
BRDA:141,19,1,0
BRF:42
BRH:0
end_of_record
TN:
SF:controllers/customerController.js
FN:16,(anonymous_0)
FN:75,(anonymous_1)
FN:138,(anonymous_2)
FN:174,(anonymous_3)
FN:227,(anonymous_4)
FNF:5
FNH:4
FNDA:4,(anonymous_0)
FNDA:0,(anonymous_1)
FNDA:2,(anonymous_2)
FNDA:1,(anonymous_3)
FNDA:1,(anonymous_4)
DA:9,9
DA:10,9
DA:11,9
DA:12,9
DA:13,9
DA:14,9
DA:16,9
DA:17,4
DA:18,4
DA:19,4
DA:22,4
DA:23,1
DA:29,3
DA:31,3
DA:32,0
DA:38,3
DA:39,1
DA:45,2
DA:46,2
DA:47,1
DA:53,1
DA:60,1
DA:62,1
DA:67,0
DA:75,9
DA:83,0
DA:84,0
DA:85,0
DA:87,0
DA:88,0
DA:94,0
DA:95,0
DA:96,0
DA:101,0
DA:102,0
DA:107,0
DA:108,0
DA:109,0
DA:111,0
DA:119,0
DA:121,0
DA:124,0
DA:130,0
DA:138,9
DA:139,2
DA:141,2
DA:142,2
DA:144,2
DA:146,2
DA:147,1
DA:153,1
DA:154,1
DA:155,0
DA:160,1
DA:167,0
DA:174,9
DA:175,1
DA:176,1
DA:177,1
DA:178,1
DA:180,1
DA:181,1
DA:182,0
DA:188,1
DA:189,1
DA:190,0
DA:196,1
DA:197,0
DA:203,1
DA:209,1
DA:216,0
DA:218,0
DA:227,9
DA:228,1
DA:229,1
DA:230,1
DA:233,1
DA:234,1
DA:235,0
DA:241,1
DA:242,1
DA:243,0
DA:249,1
DA:250,0
DA:255,1
DA:257,1
DA:258,0
DA:263,1
DA:264,1
DA:265,0
DA:274,1
DA:275,1
DA:280,0
LF:93
LH:60
BRDA:22,0,0,1
BRDA:22,0,1,3
BRDA:22,1,0,4
BRDA:22,1,1,4
BRDA:22,1,2,3
BRDA:22,1,3,3
BRDA:31,2,0,0
BRDA:31,2,1,3
BRDA:38,3,0,1
BRDA:38,3,1,2
BRDA:46,4,0,1
BRDA:46,4,1,1
BRDA:84,5,0,0
BRDA:87,6,0,0
BRDA:87,6,1,0
BRDA:95,7,0,0
BRDA:95,7,1,0
BRDA:101,8,0,0
BRDA:101,8,1,0
BRDA:107,9,0,0
BRDA:107,9,1,0
BRDA:108,10,0,0
BRDA:108,10,1,0
BRDA:146,11,0,1
BRDA:146,11,1,1
BRDA:154,12,0,0
BRDA:154,12,1,1
BRDA:154,13,0,1
BRDA:154,13,1,1
BRDA:181,14,0,0
BRDA:181,14,1,1
BRDA:189,15,0,0
BRDA:189,15,1,1
BRDA:196,16,0,0
BRDA:196,16,1,1
BRDA:234,17,0,0
BRDA:234,17,1,1
BRDA:242,18,0,0
BRDA:242,18,1,1
BRDA:249,19,0,0
BRDA:249,19,1,1
BRDA:257,20,0,0
BRDA:257,20,1,1
BRDA:264,21,0,0
BRDA:264,21,1,1
BRF:45
BRH:24
end_of_record
TN:
SF:controllers/dashboardController.js
FN:9,(anonymous_0)
FN:53,(anonymous_1)
FN:101,(anonymous_2)
FN:102,(anonymous_3)
FNF:4
FNH:1
FNDA:2,(anonymous_0)
FNDA:0,(anonymous_1)
FNDA:0,(anonymous_2)
FNDA:0,(anonymous_3)
DA:1,9
DA:2,9
DA:3,9
DA:4,9
DA:5,9
DA:6,9
DA:9,9
DA:10,2
DA:11,2
DA:12,2
DA:14,2
DA:15,2
DA:17,1
DA:24,1
DA:37,1
DA:48,0
DA:53,9
DA:54,0
DA:55,0
DA:56,0
DA:58,0
DA:59,0
DA:61,0
DA:63,0
DA:64,0
DA:65,0
DA:66,0
DA:68,0
DA:69,0
DA:70,0
DA:72,0
DA:91,0
DA:92,0
DA:94,0
DA:96,0
DA:97,0
DA:98,0
DA:99,0
DA:101,0
DA:102,0
DA:104,0
DA:110,0
DA:113,0
DA:116,0
DA:117,0
LF:45
LH:16
BRDA:15,0,0,1
BRDA:15,0,1,1
BRDA:42,1,0,1
BRDA:42,1,1,0
BRDA:43,2,0,1
BRDA:43,2,1,0
BRDA:59,3,0,0
BRDA:59,3,1,0
BRDA:101,4,0,0
BRDA:101,4,1,0
BRDA:102,5,0,0
BRDA:102,5,1,0
BRDA:106,6,0,0
BRDA:106,6,1,0
BRDA:107,7,0,0
BRDA:107,7,1,0
BRF:16
BRH:4
end_of_record
TN:
SF:controllers/notificationController.js
FN:3,(anonymous_0)
FN:15,(anonymous_1)
FN:28,(anonymous_2)
FNF:3
FNH:3
FNDA:2,(anonymous_0)
FNDA:2,(anonymous_1)
FNDA:1,(anonymous_2)
DA:1,9
DA:3,9
DA:4,2
DA:5,2
DA:9,2
DA:11,2
DA:12,0
DA:15,9
DA:16,2
DA:17,2
DA:18,2
DA:20,1
DA:21,1
DA:22,1
DA:24,1
DA:25,0
DA:28,9
DA:29,1
DA:30,1
DA:31,1
DA:32,0
LF:21
LH:18
BRDA:18,0,0,1
BRDA:18,0,1,1
BRDA:20,1,0,1
BRDA:20,1,1,0
BRF:4
BRH:3
end_of_record
TN:
SF:controllers/paymentController.js
FN:6,(anonymous_0)
FN:58,(anonymous_1)
FNF:2
FNH:0
FNDA:0,(anonymous_0)
FNDA:0,(anonymous_1)
DA:1,9
DA:2,9
DA:3,9
DA:4,9
DA:6,9
DA:7,0
DA:8,0
DA:9,0
DA:10,0
DA:16,0
DA:17,0
DA:18,0
DA:20,0
DA:28,0
DA:43,0
DA:50,0
DA:51,0
DA:58,9
DA:59,0
DA:60,0
DA:63,0
DA:65,0
DA:66,0
DA:72,0
DA:77,0
DA:78,0
DA:84,0
DA:85,0
DA:93,0
DA:94,0
DA:95,0
DA:101,0
DA:102,0
DA:103,0
DA:104,0
DA:106,0
DA:107,0
DA:108,0
DA:110,0
DA:112,0
DA:118,0
DA:119,0
LF:42
LH:6
BRDA:9,0,0,0
BRDA:9,0,1,0
BRDA:65,1,0,0
BRDA:65,1,1,0
BRDA:65,2,0,0
BRDA:65,2,1,0
BRDA:77,3,0,0
BRDA:77,3,1,0
BRDA:94,4,0,0
BRDA:94,4,1,0
BRF:10
BRH:0
end_of_record
TN:
SF:controllers/productController.js
FN:7,(anonymous_0)
FN:18,(anonymous_1)
FN:57,(anonymous_2)
FN:94,(anonymous_3)
FN:115,(anonymous_4)
FN:158,(anonymous_5)
FNF:6
FNH:0
FNDA:0,(anonymous_0)
FNDA:0,(anonymous_1)
FNDA:0,(anonymous_2)
FNDA:0,(anonymous_3)
FNDA:0,(anonymous_4)
FNDA:0,(anonymous_5)
DA:1,9
DA:2,9
DA:3,9
DA:4,9
DA:7,9
DA:8,0
DA:9,0
DA:10,0
DA:12,0
DA:13,0
DA:15,0
DA:18,9
DA:19,0
DA:21,0
DA:22,0
DA:24,0
DA:25,0
DA:26,0
DA:29,0
DA:40,0
DA:41,0
DA:44,0
DA:46,0
DA:53,0
DA:57,9
DA:58,0
DA:59,0
DA:60,0
DA:62,0
DA:63,0
DA:64,0
DA:67,0
DA:68,0
DA:73,0
DA:74,0
DA:79,0
DA:90,0
DA:94,9
DA:95,0
DA:96,0
DA:97,0
DA:99,0
DA:100,0
DA:103,0
DA:104,0
DA:105,0
DA:108,0
DA:111,0
DA:115,9
DA:116,0
DA:117,0
DA:118,0
DA:120,0
DA:121,0
DA:122,0
DA:125,0
DA:126,0
DA:127,0
DA:128,0
DA:130,0
DA:132,0
DA:133,0
DA:135,0
DA:136,0
DA:137,0
DA:138,0
DA:139,0
DA:142,0
DA:145,0
DA:147,0
DA:154,0
DA:158,9
DA:159,0
DA:160,0
DA:162,0
DA:163,0
DA:164,0
DA:167,0
DA:168,0
DA:169,0
DA:175,0
DA:176,0
DA:177,0
DA:178,0
DA:182,0
DA:184,0
DA:187,0
LF:87
LH:10
BRDA:9,0,0,0
BRDA:9,0,1,0
BRDA:12,1,0,0
BRDA:12,1,1,0
BRDA:25,2,0,0
BRDA:25,2,1,0
BRDA:40,3,0,0
BRDA:40,3,1,0
BRDA:59,4,0,0
BRDA:59,5,0,0
BRDA:59,6,0,0
BRDA:63,7,0,0
BRDA:63,7,1,0
BRDA:99,8,0,0
BRDA:99,8,1,0
BRDA:104,9,0,0
BRDA:104,9,1,0
BRDA:121,10,0,0
BRDA:121,10,1,0
BRDA:126,11,0,0
BRDA:126,11,1,0
BRDA:127,12,0,0
BRDA:127,12,1,0
BRDA:135,13,0,0
BRDA:135,13,1,0
BRDA:136,14,0,0
BRDA:136,14,1,0
BRDA:138,15,0,0
BRDA:138,15,1,0
BRDA:163,16,0,0
BRDA:163,16,1,0
BRDA:168,17,0,0
BRDA:168,17,1,0
BRDA:175,18,0,0
BRDA:175,18,1,0
BRDA:177,19,0,0
BRDA:177,19,1,0
BRF:37
BRH:0
end_of_record
TN:
SF:controllers/purchaseController.js
FN:8,(anonymous_0)
FN:16,(anonymous_1)
FN:41,(anonymous_2)
FN:113,(anonymous_3)
FN:147,(anonymous_4)
FN:180,(anonymous_5)
FN:234,(anonymous_6)
FN:249,(anonymous_7)
FNF:8
FNH:0
FNDA:0,(anonymous_0)
FNDA:0,(anonymous_1)
FNDA:0,(anonymous_2)
FNDA:0,(anonymous_3)
FNDA:0,(anonymous_4)
FNDA:0,(anonymous_5)
FNDA:0,(anonymous_6)
FNDA:0,(anonymous_7)
DA:1,9
DA:2,9
DA:3,9
DA:4,9
DA:5,9
DA:6,9
DA:8,9
DA:9,0
DA:10,0
DA:11,0
DA:12,0
DA:16,9
DA:17,0
DA:18,0
DA:20,0
DA:21,0
DA:23,0
DA:24,0
DA:25,0
DA:26,0
DA:27,0
DA:30,0
DA:31,0
DA:33,0
DA:34,0
DA:35,0
DA:36,0
DA:40,0
DA:41,0
DA:42,0
DA:43,0
DA:44,0
DA:46,0
DA:47,0
DA:48,0
DA:50,0
DA:58,0
DA:71,0
DA:72,0
DA:74,0
DA:75,0
DA:76,0
DA:77,0
DA:79,0
DA:80,0
DA:84,0
DA:85,0
DA:95,0
DA:98,0
DA:99,0
DA:106,0
DA:107,0
DA:109,0
DA:113,9
DA:114,0
DA:115,0
DA:117,0
DA:118,0
DA:120,0
DA:121,0
DA:122,0
DA:123,0
DA:125,0
DA:131,0
DA:133,0
DA:143,0
DA:147,9
DA:148,0
DA:149,0
DA:150,0
DA:152,0
DA:157,0
DA:158,0
DA:161,0
DA:162,0
DA:163,0
DA:166,0
DA:172,0
DA:173,0
DA:175,0
DA:180,9
DA:181,0
DA:182,0
DA:183,0
DA:185,0
DA:186,0
DA:189,0
DA:190,0
DA:192,0
DA:193,0
DA:194,0
DA:195,0
DA:196,0
DA:198,0
DA:199,0
DA:201,0
DA:202,0
DA:204,0
DA:205,0
DA:206,0
DA:208,0
DA:209,0
DA:211,0
DA:223,0
DA:224,0
DA:227,0
DA:228,0
DA:230,0
DA:234,9
DA:235,0
DA:236,0
DA:238,0
DA:239,0
DA:241,0
DA:242,0
DA:243,0
DA:244,0
DA:246,0
DA:247,0
DA:249,0
DA:250,0
DA:251,0
DA:252,0
DA:254,0
DA:261,0
DA:262,0
DA:263,0
DA:264,0
DA:265,0
DA:266,0
DA:270,0
DA:271,0
DA:283,0
DA:284,0
DA:286,0
DA:287,0
DA:290,0
DA:291,0
DA:293,0
LF:139
LH:12
BRDA:10,0,0,0
BRDA:10,0,1,0
BRDA:11,1,0,0
BRDA:11,1,1,0
BRDA:25,2,0,0
BRDA:25,2,1,0
BRDA:33,3,0,0
BRDA:33,3,1,0
BRDA:35,4,0,0
BRDA:35,4,1,0
BRDA:35,5,0,0
BRDA:35,5,1,0
BRDA:43,6,0,0
BRDA:43,6,1,0
BRDA:44,7,0,0
BRDA:44,7,1,0
BRDA:59,8,0,0
BRDA:59,8,1,0
BRDA:67,9,0,0
BRDA:67,9,1,0
BRDA:68,10,0,0
BRDA:68,10,1,0
BRDA:74,11,0,0
BRDA:74,11,1,0
BRDA:79,12,0,0
BRDA:79,12,1,0
BRDA:84,13,0,0
BRDA:84,13,1,0
BRDA:93,14,0,0
BRDA:93,14,1,0
BRDA:101,15,0,0
BRDA:101,15,1,0
BRDA:115,16,0,0
BRDA:115,17,0,0
BRDA:115,18,0,0
BRDA:118,19,0,0
BRDA:118,19,1,0
BRDA:121,20,0,0
BRDA:121,20,1,0
BRDA:122,21,0,0
BRDA:122,21,1,0
BRDA:123,22,0,0
BRDA:123,22,1,0
BRDA:157,23,0,0
BRDA:157,23,1,0
BRDA:162,24,0,0
BRDA:162,24,1,0
BRDA:172,25,0,0
BRDA:172,25,1,0
BRDA:185,26,0,0
BRDA:185,26,1,0
BRDA:185,27,0,0
BRDA:185,27,1,0
BRDA:185,27,2,0
BRDA:194,28,0,0
BRDA:194,28,1,0
BRDA:195,29,0,0
BRDA:195,29,1,0
BRDA:196,30,0,0
BRDA:196,30,1,0
BRDA:199,31,0,0
BRDA:199,31,1,0
BRDA:202,32,0,0
BRDA:202,32,1,0
BRDA:243,33,0,0
BRDA:243,33,1,0
BRDA:244,34,0,0
BRDA:244,34,1,0
BRDA:247,35,0,0
BRDA:247,35,1,0
BRDA:251,36,0,0
BRDA:251,36,1,0
BRDA:261,37,0,0
BRDA:261,37,1,0
BRDA:261,38,0,0
BRDA:261,38,1,0
BRDA:263,39,0,0
BRDA:263,39,1,0
BRDA:270,40,0,0
BRDA:270,40,1,0
BRF:80
BRH:0
end_of_record
TN:
SF:controllers/saleController.js
FN:9,(anonymous_0)
FN:20,(anonymous_1)
FN:48,(anonymous_2)
FN:131,(anonymous_3)
FN:166,(anonymous_4)
FN:196,(anonymous_5)
FN:219,(anonymous_6)
FN:264,(anonymous_7)
FNF:8
FNH:5
FNDA:4,(anonymous_0)
FNDA:2,(anonymous_1)
FNDA:2,(anonymous_2)
FNDA:1,(anonymous_3)
FNDA:1,(anonymous_4)
FNDA:0,(anonymous_5)
FNDA:0,(anonymous_6)
FNDA:0,(anonymous_7)
DA:1,9
DA:2,9
DA:3,9
DA:4,9
DA:5,9
DA:6,9
DA:7,9
DA:9,9
DA:10,4
DA:11,4
DA:12,0
DA:14,4
DA:15,0
DA:17,4
DA:20,9
DA:21,2
DA:22,2
DA:24,2
DA:25,2
DA:26,2
DA:27,0
DA:30,2
DA:31,2
DA:32,2
DA:33,0
DA:34,0
DA:37,2
DA:38,2
DA:40,2
DA:41,1
DA:42,1
DA:43,0
DA:47,2
DA:48,2
DA:49,2
DA:50,2
DA:51,2
DA:52,2
DA:53,0
DA:56,2
DA:57,2
DA:59,2
DA:68,2
DA:82,2
DA:83,2
DA:85,2
DA:86,1
DA:87,1
DA:88,1
DA:90,1
DA:91,0
DA:95,2
DA:96,2
DA:106,2
DA:109,2
DA:110,0
DA:112,2
DA:119,0
DA:120,0
DA:122,0
DA:124,2
DA:125,0
DA:131,9
DA:132,1
DA:133,1
DA:135,1
DA:136,1
DA:138,1
DA:139,1
DA:140,1
DA:141,1
DA:143,1
DA:149,1
DA:151,1
DA:161,0
DA:166,9
DA:167,1
DA:168,1
DA:169,1
DA:171,1
DA:176,1
DA:177,0
DA:180,1
DA:181,1
DA:182,0
DA:185,1
DA:188,0
DA:189,0
DA:191,0
DA:196,9
DA:197,0
DA:198,0
DA:200,0
DA:201,0
DA:203,0
DA:204,0
DA:205,0
DA:206,0
DA:209,0
DA:210,0
DA:213,0
DA:214,0
DA:215,0
DA:219,0
DA:220,0
DA:227,0
DA:228,0
DA:229,0
DA:230,0
DA:231,0
DA:232,0
DA:236,0
DA:237,0
DA:249,0
DA:250,0
DA:252,0
DA:253,0
DA:256,0
DA:257,0
DA:259,0
DA:264,9
DA:265,0
DA:266,0
DA:267,0
DA:269,0
DA:270,0
DA:272,0
DA:273,0
DA:274,0
DA:275,0
DA:276,0
DA:278,0
DA:279,0
DA:281,0
DA:282,0
DA:284,0
DA:285,0
DA:286,0
DA:288,0
DA:289,0
DA:291,0
DA:303,0
DA:304,0
DA:307,0
DA:308,0
DA:310,0
LF:146
LH:72
BRDA:11,0,0,0
BRDA:11,0,1,4
BRDA:14,1,0,0
BRDA:14,1,1,4
BRDA:25,2,0,2
BRDA:25,2,1,0
BRDA:26,3,0,0
BRDA:26,3,1,2
BRDA:32,4,0,0
BRDA:32,4,1,2
BRDA:33,5,0,0
BRDA:33,5,1,0
BRDA:40,6,0,1
BRDA:40,6,1,1
BRDA:42,7,0,0
BRDA:42,7,1,1
BRDA:42,8,0,1
BRDA:42,8,1,1
BRDA:50,9,0,0
BRDA:50,9,1,2
BRDA:51,10,0,0
BRDA:51,10,1,2
BRDA:52,11,0,0
BRDA:52,11,1,2
BRDA:63,12,0,2
BRDA:63,12,1,0
BRDA:78,13,0,1
BRDA:78,13,1,1
BRDA:79,14,0,2
BRDA:79,14,1,1
BRDA:85,15,0,1
BRDA:85,15,1,1
BRDA:90,16,0,0
BRDA:90,16,1,1
BRDA:95,17,0,2
BRDA:95,17,1,0
BRDA:104,18,0,2
BRDA:104,18,1,1
BRDA:109,19,0,0
BRDA:109,19,1,2
BRDA:114,20,0,1
BRDA:114,20,1,1
BRDA:119,21,0,0
BRDA:119,21,1,0
BRDA:124,22,0,0
BRDA:124,22,1,2
BRDA:133,23,0,1
BRDA:133,24,0,1
BRDA:133,25,0,1
BRDA:136,26,0,0
BRDA:136,26,1,1
BRDA:139,27,0,0
BRDA:139,27,1,1
BRDA:140,28,0,0
BRDA:140,28,1,1
BRDA:141,29,0,0
BRDA:141,29,1,1
BRDA:176,30,0,0
BRDA:176,30,1,1
BRDA:181,31,0,0
BRDA:181,31,1,1
BRDA:188,32,0,0
BRDA:188,32,1,0
BRDA:205,33,0,0
BRDA:205,33,1,0
BRDA:209,34,0,0
BRDA:209,34,1,0
BRDA:214,35,0,0
BRDA:214,35,1,0
BRDA:227,36,0,0
BRDA:227,36,1,0
BRDA:227,37,0,0
BRDA:227,37,1,0
BRDA:229,38,0,0
BRDA:229,38,1,0
BRDA:236,39,0,0
BRDA:236,39,1,0
BRDA:274,40,0,0
BRDA:274,40,1,0
BRDA:275,41,0,0
BRDA:275,41,1,0
BRDA:276,42,0,0
BRDA:276,42,1,0
BRDA:279,43,0,0
BRDA:279,43,1,0
BRDA:282,44,0,0
BRDA:282,44,1,0
BRF:87
BRH:37
end_of_record
TN:
SF:controllers/shopController.js
FN:6,(anonymous_0)
FN:55,(anonymous_1)
FN:90,(anonymous_2)
FN:127,(anonymous_3)
FN:169,(anonymous_4)
FNF:5
FNH:5
FNDA:5,(anonymous_0)
FNDA:1,(anonymous_1)
FNDA:3,(anonymous_2)
FNDA:1,(anonymous_3)
FNDA:1,(anonymous_4)
DA:1,9
DA:2,9
DA:3,9
DA:6,9
DA:7,5
DA:8,5
DA:9,5
DA:10,5
DA:11,1
DA:17,4
DA:18,4
DA:19,4
DA:20,4
DA:21,1
DA:27,3
DA:34,3
DA:36,3
DA:37,3
DA:39,3
DA:46,0
DA:55,9
DA:56,1
DA:57,1
DA:61,1
DA:62,0
DA:69,1
DA:79,0
DA:90,9
DA:91,3
DA:92,3
DA:94,3
DA:99,3
DA:100,1
DA:106,2
DA:107,2
DA:108,1
DA:114,1
DA:120,0
DA:127,9
DA:128,1
DA:129,1
DA:130,1
DA:133,1
DA:138,1
DA:139,0
DA:145,1
DA:146,1
DA:147,0
DA:153,1
DA:154,1
DA:156,1
DA:162,0
DA:169,9
DA:170,1
DA:171,1
DA:173,1
DA:178,1
DA:179,0
DA:185,1
DA:186,1
DA:187,0
DA:193,1
DA:195,1
DA:197,1
DA:202,0
LF:65
LH:55
BRDA:10,0,0,1
BRDA:10,0,1,4
BRDA:20,1,0,1
BRDA:20,1,1,3
BRDA:20,2,0,4
BRDA:20,2,1,4
BRDA:61,3,0,0
BRDA:61,3,1,1
BRDA:99,4,0,1
BRDA:99,4,1,2
BRDA:106,5,0,2
BRDA:106,5,1,0
BRDA:107,6,0,1
BRDA:107,6,1,1
BRDA:138,7,0,0
BRDA:138,7,1,1
BRDA:145,8,0,1
BRDA:145,8,1,0
BRDA:146,9,0,0
BRDA:146,9,1,1
BRDA:178,10,0,0
BRDA:178,10,1,1
BRDA:185,11,0,1
BRDA:185,11,1,0
BRDA:186,12,0,0
BRDA:186,12,1,1
BRF:26
BRH:18
end_of_record
TN:
SF:controllers/supplierController.js
FN:7,(anonymous_0)
FN:66,(anonymous_1)
FN:121,(anonymous_2)
FN:157,(anonymous_3)
FN:210,(anonymous_4)
FNF:5
FNH:0
FNDA:0,(anonymous_0)
FNDA:0,(anonymous_1)
FNDA:0,(anonymous_2)
FNDA:0,(anonymous_3)
FNDA:0,(anonymous_4)
DA:1,9
DA:2,9
DA:3,9
DA:4,9
DA:5,9
DA:7,9
DA:8,0
DA:9,0
DA:10,0
DA:13,0
DA:14,0
DA:20,0
DA:22,0
DA:23,0
DA:29,0
DA:30,0
DA:36,0
DA:37,0
DA:38,0
DA:44,0
DA:51,0
DA:53,0
DA:58,0
DA:66,9
DA:67,0
DA:68,0
DA:69,0
DA:71,0
DA:72,0
DA:78,0
DA:79,0
DA:80,0
DA:85,0
DA:86,0
DA:91,0
DA:92,0
DA:93,0
DA:95,0
DA:104,0
DA:107,0
DA:113,0
DA:121,9
DA:122,0
DA:124,0
DA:125,0
DA:127,0
DA:129,0
DA:130,0
DA:136,0
DA:137,0
DA:138,0
DA:143,0
DA:150,0
DA:157,9
DA:158,0
DA:159,0
DA:160,0
DA:161,0
DA:163,0
DA:164,0
DA:165,0
DA:171,0
DA:172,0
DA:173,0
DA:179,0
DA:180,0
DA:186,0
DA:192,0
DA:199,0
DA:201,0
DA:210,9
DA:211,0
DA:212,0
DA:213,0
DA:216,0
DA:217,0
DA:218,0
DA:224,0
DA:225,0
DA:226,0
DA:232,0
DA:233,0
DA:239,0
DA:241,0
DA:242,0
DA:247,0
DA:248,0
DA:249,0
DA:255,0
DA:256,0
DA:261,0
LF:91
LH:10
BRDA:13,0,0,0
BRDA:13,0,1,0
BRDA:13,1,0,0
BRDA:13,1,1,0
BRDA:13,1,2,0
BRDA:13,1,3,0
BRDA:22,2,0,0
BRDA:22,2,1,0
BRDA:29,3,0,0
BRDA:29,3,1,0
BRDA:37,4,0,0
BRDA:37,4,1,0
BRDA:68,5,0,0
BRDA:71,6,0,0
BRDA:71,6,1,0
BRDA:79,7,0,0
BRDA:79,7,1,0
BRDA:85,8,0,0
BRDA:85,8,1,0
BRDA:91,9,0,0
BRDA:91,9,1,0
BRDA:92,10,0,0
BRDA:92,10,1,0
BRDA:129,11,0,0
BRDA:129,11,1,0
BRDA:137,12,0,0
BRDA:137,12,1,0
BRDA:137,13,0,0
BRDA:137,13,1,0
BRDA:164,14,0,0
BRDA:164,14,1,0
BRDA:172,15,0,0
BRDA:172,15,1,0
BRDA:179,16,0,0
BRDA:179,16,1,0
BRDA:217,17,0,0
BRDA:217,17,1,0
BRDA:225,18,0,0
BRDA:225,18,1,0
BRDA:232,19,0,0
BRDA:232,19,1,0
BRDA:241,20,0,0
BRDA:241,20,1,0
BRDA:248,21,0,0
BRDA:248,21,1,0
BRF:45
BRH:0
end_of_record
TN:
SF:controllers/transactionController.js
FN:4,(anonymous_0)
FN:16,(anonymous_1)
FN:61,(anonymous_2)
FN:147,(anonymous_3)
FNF:4
FNH:4
FNDA:5,(anonymous_0)
FNDA:2,(anonymous_1)
FNDA:4,(anonymous_2)
FNDA:2,(anonymous_3)
DA:1,9
DA:2,9
DA:4,9
DA:5,5
DA:6,5
DA:7,0
DA:9,5
DA:10,0
DA:12,5
DA:16,9
DA:25,2
DA:27,2
DA:28,1
DA:31,1
DA:32,1
DA:33,1
DA:34,0
DA:37,1
DA:48,1
DA:55,0
DA:61,9
DA:62,4
DA:76,4
DA:78,4
DA:79,1
DA:82,3
DA:83,3
DA:84,0
DA:88,3
DA:91,3
DA:92,0
DA:94,3
DA:95,1
DA:97,3
DA:98,0
DA:103,3
DA:104,1
DA:106,3
DA:107,0
DA:111,3
DA:112,0
DA:113,0
DA:114,0
DA:117,3
DA:118,3
DA:119,3
DA:121,3
DA:129,3
DA:131,3
DA:142,0
DA:147,9
DA:148,2
DA:149,2
DA:156,2
DA:157,1
DA:160,1
DA:161,1
DA:162,0
DA:165,1
DA:168,0
DA:169,0
DA:171,0
LF:62
LH:46
BRDA:6,0,0,0
BRDA:6,0,1,5
BRDA:9,1,0,0
BRDA:9,1,1,5
BRDA:27,2,0,1
BRDA:27,2,1,1
BRDA:33,3,0,0
BRDA:33,3,1,1
BRDA:65,4,0,4
BRDA:66,5,0,4
BRDA:67,6,0,4
BRDA:68,7,0,4
BRDA:69,8,0,4
BRDA:78,9,0,1
BRDA:78,9,1,3
BRDA:83,10,0,0
BRDA:83,10,1,3
BRDA:91,11,0,0
BRDA:91,11,1,3
BRDA:94,12,0,1
BRDA:94,12,1,2
BRDA:97,13,0,0
BRDA:97,13,1,3
BRDA:103,14,0,1
BRDA:103,14,1,2
BRDA:106,15,0,0
BRDA:106,15,1,3
BRDA:111,16,0,0
BRDA:111,16,1,3
BRDA:111,17,0,3
BRDA:111,17,1,3
BRDA:113,18,0,0
BRDA:113,18,1,0
BRDA:114,19,0,0
BRDA:114,19,1,0
BRDA:118,20,0,0
BRDA:118,20,1,3
BRDA:156,21,0,1
BRDA:156,21,1,1
BRDA:161,22,0,0
BRDA:161,22,1,1
BRDA:168,23,0,0
BRDA:168,23,1,0
BRF:43
BRH:27
end_of_record
TN:
SF:controllers/admin/systemLogController.js
FN:3,(anonymous_0)
FNF:1
FNH:1
FNDA:2,(anonymous_0)
DA:1,9
DA:3,9
DA:4,2
DA:10,2
DA:12,2
DA:13,2
DA:15,2
DA:16,2
DA:17,1
DA:19,2
DA:20,0
DA:23,2
DA:31,2
DA:43,0
DA:44,0
LF:15
LH:12
BRDA:6,0,0,2
BRDA:7,1,0,2
BRDA:9,2,0,2
BRDA:16,3,0,1
BRDA:16,3,1,1
BRDA:19,4,0,0
BRDA:19,4,1,2
BRF:7
BRH:6
end_of_record
TN:
SF:controllers/admin/userManagement.js
FN:5,(anonymous_0)
FN:30,(anonymous_1)
FN:75,(anonymous_2)
FN:105,(anonymous_3)
FN:133,(anonymous_4)
FN:158,(anonymous_5)
FNF:6
FNH:3
FNDA:5,(anonymous_0)
FNDA:0,(anonymous_1)
FNDA:2,(anonymous_2)
FNDA:1,(anonymous_3)
FNDA:0,(anonymous_4)
FNDA:0,(anonymous_5)
DA:1,9
DA:2,9
DA:3,9
DA:5,9
DA:6,5
DA:7,5
DA:8,5
DA:9,5
DA:10,1
DA:13,4
DA:14,4
DA:15,0
DA:18,4
DA:20,4
DA:21,4
DA:23,4
DA:24,4
DA:26,0
DA:30,9
DA:31,0
DA:32,0
DA:34,0
DA:35,0
DA:36,0
DA:37,0
DA:39,0
DA:47,0
DA:48,0
DA:56,0
DA:69,0
DA:70,0
DA:75,9
DA:76,2
DA:77,2
DA:79,2
DA:80,1
DA:86,1
DA:88,1
DA:97,0
DA:105,9
DA:106,1
DA:107,1
DA:108,1
DA:113,1
DA:114,0
DA:119,1
DA:120,1
DA:126,0
DA:133,9
DA:134,0
DA:135,0
DA:137,0
DA:138,0
DA:144,0
DA:146,0
DA:151,0
DA:158,9
DA:159,0
DA:160,0
DA:161,0
DA:162,0
DA:168,0
DA:169,0
DA:171,0
DA:173,0
DA:180,0
LF:66
LH:33
BRDA:9,0,0,1
BRDA:9,0,1,4
BRDA:14,1,0,0
BRDA:14,1,1,4
BRDA:32,2,0,0
BRDA:32,3,0,0
BRDA:32,4,0,0
BRDA:35,5,0,0
BRDA:35,5,1,0
BRDA:36,6,0,0
BRDA:36,6,1,0
BRDA:79,7,0,1
BRDA:79,7,1,1
BRDA:113,8,0,0
BRDA:113,8,1,1
BRDA:137,9,0,0
BRDA:137,9,1,0
BRDA:161,10,0,0
BRDA:161,10,1,0
BRDA:171,11,0,0
BRDA:171,11,1,0
BRDA:175,12,0,0
BRDA:175,12,1,0
BRF:23
BRH:6
end_of_record
TN:
SF:middlewares/authMiddleware.js
FN:4,(anonymous_0)
FN:44,(anonymous_1)
FN:45,(anonymous_2)
FNF:3
FNH:3
FNDA:55,(anonymous_0)
FNDA:63,(anonymous_1)
FNDA:10,(anonymous_2)
DA:1,9
DA:2,9
DA:4,9
DA:7,55
DA:8,0
DA:9,55
DA:10,53
DA:13,55
DA:14,2
DA:19,53
DA:20,53
DA:22,53
DA:24,53
DA:25,0
DA:28,53
DA:29,0
DA:32,53
DA:34,53
DA:36,0
DA:44,9
DA:45,63
DA:46,10
DA:47,0
DA:52,10
LF:24
LH:19
BRDA:7,0,0,0
BRDA:7,0,1,55
BRDA:9,1,0,53
BRDA:9,1,1,2
BRDA:9,2,0,55
BRDA:9,2,1,53
BRDA:13,3,0,2
BRDA:13,3,1,53
BRDA:24,4,0,0
BRDA:24,4,1,53
BRDA:28,5,0,0
BRDA:28,5,1,53
BRDA:46,6,0,0
BRDA:46,6,1,10
BRF:14
BRH:10
end_of_record
TN:
SF:middlewares/loginLimiter.js
FN:7,(anonymous_0)
FNF:1
FNH:0
FNDA:0,(anonymous_0)
DA:1,9
DA:3,9
DA:8,0
DA:14,9
LF:4
LH:3
BRF:0
BRH:0
end_of_record
TN:
SF:middlewares/upload.js
FN:12,(anonymous_0)
FN:13,(anonymous_1)
FN:20,(anonymous_2)
FN:32,(anonymous_3)
FN:33,(anonymous_4)
FN:34,(anonymous_5)
FNF:6
FNH:1
FNDA:0,(anonymous_0)
FNDA:0,(anonymous_1)
FNDA:0,(anonymous_2)
FNDA:27,(anonymous_3)
FNDA:0,(anonymous_4)
FNDA:0,(anonymous_5)
DA:1,9
DA:2,9
DA:3,9
DA:4,9
DA:6,9
DA:7,9
DA:8,0
DA:11,9
DA:12,0
DA:14,0
DA:15,0
DA:19,9
DA:20,9
DA:21,0
DA:22,0
DA:25,9
DA:31,9
DA:32,27
DA:33,0
DA:34,0
LF:20
LH:12
BRDA:7,0,0,0
BRDA:7,0,1,9
BRDA:21,1,0,0
BRDA:21,1,1,0
BRF:4
BRH:1
end_of_record
TN:
SF:middlewares/validate.js
FN:3,(anonymous_0)
FN:8,(anonymous_1)
FNF:2
FNH:2
FNDA:120,(anonymous_0)
FNDA:3,(anonymous_1)
DA:1,9
DA:3,9
DA:4,120
DA:5,120
DA:6,1
DA:8,3
DA:11,119
DA:14,9
LF:8
LH:8
BRDA:5,0,0,1
BRDA:5,0,1,119
BRF:2
BRH:2
end_of_record
TN:
SF:models/Customer.js
FNF:0
FNH:0
DA:1,9
DA:3,9
DA:46,9
DA:47,9
LF:4
LH:4
BRF:0
BRH:0
end_of_record
TN:
SF:models/Notification.js
FNF:0
FNH:0
DA:1,9
DA:3,9
DA:34,9
LF:3
LH:3
BRF:0
BRH:0
end_of_record
TN:
SF:models/Payment.js
FNF:0
FNH:0
DA:1,9
DA:3,9
DA:32,9
LF:3
LH:3
BRF:0
BRH:0
end_of_record
TN:
SF:models/Product.js
FNF:0
FNH:0
DA:1,9
DA:3,9
DA:44,9
LF:3
LH:3
BRF:0
BRH:0
end_of_record
TN:
SF:models/Purchase.js
FN:98,(anonymous_0)
FN:99,(anonymous_1)
FN:103,(anonymous_2)
FNF:3
FNH:0
FNDA:0,(anonymous_0)
FNDA:0,(anonymous_1)
FNDA:0,(anonymous_2)
DA:1,9
DA:3,9
DA:28,9
DA:98,9
DA:99,0
DA:100,0
DA:103,0
DA:104,0
DA:105,0
DA:107,0
DA:108,0
DA:109,0
DA:110,0
DA:111,0
DA:113,0
DA:116,0
DA:119,9
DA:121,9
LF:18
LH:6
BRDA:107,0,0,0
BRDA:107,0,1,0
BRDA:110,1,0,0
BRDA:110,1,1,0
BRF:4
BRH:0
end_of_record
TN:
SF:models/Sale.js
FN:106,(anonymous_0)
FN:107,(anonymous_1)
FN:111,(anonymous_2)
FNF:3
FNH:3
FNDA:4,(anonymous_0)
FNDA:4,(anonymous_1)
FNDA:4,(anonymous_2)
DA:1,9
DA:3,9
DA:32,9
DA:106,9
DA:107,4
DA:108,4
DA:111,4
DA:112,4
DA:113,4
DA:115,4
DA:116,1
DA:117,1
DA:118,3
DA:119,3
DA:121,0
DA:124,4
DA:127,9
LF:17
LH:16
BRDA:115,0,0,1
BRDA:115,0,1,3
BRDA:118,1,0,3
BRDA:118,1,1,0
BRF:4
BRH:3
end_of_record
TN:
SF:models/Shop.js
FNF:0
FNH:0
DA:1,9
DA:3,9
DA:31,9
LF:3
LH:3
BRF:0
BRH:0
end_of_record
TN:
SF:models/Supplier.js
FNF:0
FNH:0
DA:1,9
DA:3,9
DA:46,9
DA:47,9
LF:4
LH:4
BRF:0
BRH:0
end_of_record
TN:
SF:models/SystemLogs.js
FNF:0
FNH:0
DA:1,9
DA:3,9
DA:14,9
LF:3
LH:3
BRF:0
BRH:0
end_of_record
TN:
SF:models/Transaction.js
FNF:0
FNH:0
DA:1,9
DA:3,9
DA:63,9
LF:3
LH:3
BRF:0
BRH:0
end_of_record
TN:
SF:models/User.js
FN:16,(anonymous_0)
FN:64,(anonymous_1)
FNF:2
FNH:2
FNDA:61,(anonymous_0)
FNDA:61,(anonymous_1)
DA:1,9
DA:3,9
DA:16,61
DA:20,9
DA:64,61
DA:83,9
LF:6
LH:6
BRF:0
BRH:0
end_of_record
TN:
SF:routes/botRoutes.js
FNF:0
FNH:0
DA:1,9
DA:2,9
DA:3,9
DA:5,9
DA:6,9
DA:7,9
LF:6
LH:6
BRF:0
BRH:0
end_of_record
TN:
SF:routes/cashRoutes.js
FNF:0
FNH:0
DA:1,9
DA:2,9
DA:3,9
DA:4,9
DA:6,9
DA:12,9
DA:18,9
LF:7
LH:7
BRF:0
BRH:0
end_of_record
TN:
SF:routes/customerRoutes.js
FNF:0
FNH:0
DA:1,9
DA:2,9
DA:3,9
DA:4,9
DA:6,9
DA:12,9
DA:18,9
DA:24,9
DA:30,9
DA:36,9
LF:10
LH:10
BRF:0
BRH:0
end_of_record
TN:
SF:routes/dashboardRoutes.js
FNF:0
FNH:0
DA:1,9
DA:2,9
DA:3,9
DA:4,9
DA:5,9
DA:11,9
DA:16,9
LF:7
LH:7
BRF:0
BRH:0
end_of_record
TN:
SF:routes/notificationRoutes.js
FNF:0
FNH:0
DA:1,9
DA:2,9
DA:3,9
DA:4,9
DA:6,9
DA:8,9
DA:10,9
DA:12,9
LF:8
LH:8
BRF:0
BRH:0
end_of_record
TN:
SF:routes/paymentRoutes.js
FNF:0
FNH:0
DA:1,9
DA:2,9
DA:3,9
DA:5,9
DA:8,9
DA:9,9
DA:11,9
LF:7
LH:7
BRF:0
BRH:0
end_of_record
TN:
SF:routes/productRoutes.js
FNF:0
FNH:0
DA:1,9
DA:2,9
DA:3,9
DA:4,9
DA:5,9
DA:7,9
DA:14,9
DA:20,9
DA:26,9
DA:33,9
DA:39,9
LF:11
LH:11
BRF:0
BRH:0
end_of_record
TN:
SF:routes/purchaseRoutes.js
FNF:0
FNH:0
DA:1,9
DA:3,9
DA:4,9
DA:6,9
DA:8,9
DA:14,9
DA:19,9
DA:20,9
DA:21,9
DA:24,9
LF:10
LH:10
BRF:0
BRH:0
end_of_record
TN:
SF:routes/saleRoutes.js
FNF:0
FNH:0
DA:1,9
DA:9,9
DA:10,9
DA:12,9
DA:14,9
DA:20,9
DA:25,9
DA:26,9
DA:27,9
DA:30,9
LF:10
LH:10
BRF:0
BRH:0
end_of_record
TN:
SF:routes/shopRoutes.js
FNF:0
FNH:0
DA:1,9
DA:2,9
DA:3,9
DA:4,9
DA:5,9
DA:6,9
DA:8,9
DA:14,9
DA:20,9
DA:26,9
DA:32,9
DA:38,9
DA:46,9
LF:13
LH:13
BRF:0
BRH:0
end_of_record
TN:
SF:routes/supplierRoutes.js
FNF:0
FNH:0
DA:1,9
DA:2,9
DA:3,9
DA:4,9
DA:6,9
DA:12,9
DA:18,9
DA:24,9
DA:30,9
DA:36,9
LF:10
LH:10
BRF:0
BRH:0
end_of_record
TN:
SF:routes/transactionRoutes.js
FNF:0
FNH:0
DA:1,9
DA:2,9
DA:3,9
DA:4,9
DA:6,9
DA:12,9
DA:18,9
DA:24,9
LF:8
LH:8
BRF:0
BRH:0
end_of_record
TN:
SF:routes/userRoutes.js
FNF:0
FNH:0
DA:1,9
DA:2,9
DA:3,9
DA:4,9
DA:5,9
DA:6,9
DA:7,9
DA:8,9
DA:10,9
DA:17,9
DA:22,9
DA:23,0
DA:26,9
DA:31,9
DA:37,9
DA:43,9
DA:50,9
DA:56,9
DA:62,9
DA:68,9
DA:74,9
LF:21
LH:20
BRDA:22,0,0,0
BRDA:22,0,1,9
BRF:2
BRH:1
end_of_record
TN:
SF:routes/admin/adminRoutes.js
FNF:0
FNH:0
DA:1,9
DA:2,9
DA:3,9
DA:4,9
DA:5,9
DA:6,9
DA:7,9
DA:9,9
DA:18,9
DA:25,9
DA:32,9
DA:39,9
DA:46,9
DA:53,9
LF:14
LH:14
BRF:0
BRH:0
end_of_record
TN:
SF:routes/admin/systemLogRoutes.js
FNF:0
FNH:0
DA:1,9
DA:2,9
DA:3,9
DA:4,9
DA:6,9
DA:13,9
LF:6
LH:6
BRF:0
BRH:0
end_of_record
TN:
SF:utils/logger.js
FNF:0
FNH:0
DA:1,9
DA:2,9
DA:4,9
DA:29,9
LF:4
LH:4
BRF:0
BRH:0
end_of_record
TN:
SF:utils/verifyShopOwner.js
FN:4,(anonymous_0)
FNF:1
FNH:0
FNDA:0,(anonymous_0)
DA:1,7
DA:2,7
DA:4,7
DA:5,0
DA:6,0
DA:7,0
DA:9,0
DA:10,0
DA:12,0
LF:9
LH:3
BRDA:6,0,0,0
BRDA:6,0,1,0
BRDA:9,1,0,0
BRDA:9,1,1,0
BRF:4
BRH:0
end_of_record
